{"C:\\Users\\bandi\\Desktop\\SystemaOps\\modernization-platform\\frontend\\src\\App.tsx": {"path":"C:\\Users\\bandi\\Desktop\\SystemaOps\\modernization-platform\\frontend\\src\\App.tsx","statementMap":{"0":{"start":{"line":16,"column":20},"end":{"line":16,"column":null}},"1":{"start":{"line":18,"column":12},"end":{"line":23,"column":null}},"2":{"start":{"line":26,"column":2},"end":{"line":89,"column":null}},"3":{"start":{"line":61,"column":16},"end":{"line":68,"column":null}},"4":{"start":{"line":65,"column":47},"end":{"line":65,"column":null}}},"fnMap":{"0":{"name":"App","decl":{"start":{"line":25,"column":24},"end":{"line":25,"column":30}},"loc":{"start":{"line":25,"column":30},"end":{"line":91,"column":null}},"line":25},"1":{"name":"(anonymous_1)","decl":{"start":{"line":60,"column":19},"end":{"line":60,"column":23}},"loc":{"start":{"line":61,"column":16},"end":{"line":68,"column":null}},"line":61},"2":{"name":"(anonymous_2)","decl":{"start":{"line":65,"column":18},"end":{"line":65,"column":30}},"loc":{"start":{"line":65,"column":47},"end":{"line":65,"column":null}},"line":65}},"branchMap":{"0":{"loc":{"start":{"line":65,"column":58},"end":{"line":65,"column":null}},"type":"cond-expr","locations":[{"start":{"line":65,"column":69},"end":{"line":65,"column":81}},{"start":{"line":65,"column":81},"end":{"line":65,"column":null}}],"line":65}},"s":{"0":1,"1":1,"2":2,"3":8,"4":12},"f":{"0":2,"1":8,"2":12},"b":{"0":[3,9]},"meta":{"lastBranch":1,"lastFunction":3,"lastStatement":5,"seen":{"s:16:20:16:Infinity":0,"s:18:12:23:Infinity":1,"f:25:24:25:30":0,"s:26:2:89:Infinity":2,"f:60:19:60:23":1,"s:61:16:68:Infinity":3,"f:65:18:65:30":2,"s:65:47:65:Infinity":4,"b:65:69:65:81:65:81:65:Infinity":0},"fnNames":{}}}
,"C:\\Users\\bandi\\Desktop\\SystemaOps\\modernization-platform\\frontend\\src\\index.css": {"path":"C:\\Users\\bandi\\Desktop\\SystemaOps\\modernization-platform\\frontend\\src\\index.css","statementMap":{},"fnMap":{},"branchMap":{},"s":{},"f":{},"b":{},"meta":{"lastBranch":0,"lastFunction":0,"lastStatement":0,"seen":{},"fnNames":{}}}
,"C:\\Users\\bandi\\Desktop\\SystemaOps\\modernization-platform\\frontend\\src\\pages\\Analysis.tsx": {"path":"C:\\Users\\bandi\\Desktop\\SystemaOps\\modernization-platform\\frontend\\src\\pages\\Analysis.tsx","statementMap":{"0":{"start":{"line":8,"column":43},"end":{"line":13,"column":null}},"1":{"start":{"line":16,"column":47},"end":{"line":20,"column":null}},"2":{"start":{"line":22,"column":97},"end":{"line":26,"column":null}},"3":{"start":{"line":34,"column":15},"end":{"line":34,"column":null}},"4":{"start":{"line":35,"column":2},"end":{"line":71,"column":null}},"5":{"start":{"line":78,"column":24},"end":{"line":78,"column":57}},"6":{"start":{"line":79,"column":15},"end":{"line":79,"column":31}},"7":{"start":{"line":80,"column":19},"end":{"line":80,"column":31}},"8":{"start":{"line":81,"column":24},"end":{"line":81,"column":null}},"9":{"start":{"line":84,"column":36},"end":{"line":84,"column":null}},"10":{"start":{"line":85,"column":36},"end":{"line":85,"column":null}},"11":{"start":{"line":86,"column":36},"end":{"line":86,"column":null}},"12":{"start":{"line":87,"column":36},"end":{"line":87,"column":null}},"13":{"start":{"line":90,"column":36},"end":{"line":90,"column":null}},"14":{"start":{"line":91,"column":36},"end":{"line":91,"column":null}},"15":{"start":{"line":92,"column":36},"end":{"line":92,"column":null}},"16":{"start":{"line":93,"column":40},"end":{"line":93,"column":null}},"17":{"start":{"line":94,"column":36},"end":{"line":94,"column":null}},"18":{"start":{"line":97,"column":42},"end":{"line":97,"column":null}},"19":{"start":{"line":100,"column":46},"end":{"line":100,"column":null}},"20":{"start":{"line":101,"column":46},"end":{"line":101,"column":null}},"21":{"start":{"line":104,"column":2},"end":{"line":111,"column":null}},"22":{"start":{"line":105,"column":4},"end":{"line":105,"column":null}},"23":{"start":{"line":105,"column":34},"end":{"line":105,"column":null}},"24":{"start":{"line":106,"column":4},"end":{"line":106,"column":null}},"25":{"start":{"line":107,"column":4},"end":{"line":107,"column":null}},"26":{"start":{"line":107,"column":20},"end":{"line":107,"column":null}},"27":{"start":{"line":108,"column":4},"end":{"line":110,"column":null}},"28":{"start":{"line":109,"column":19},"end":{"line":109,"column":36}},"29":{"start":{"line":109,"column":36},"end":{"line":109,"column":55}},"30":{"start":{"line":110,"column":20},"end":{"line":110,"column":78}},"31":{"start":{"line":110,"column":78},"end":{"line":110,"column":97}},"32":{"start":{"line":114,"column":26},"end":{"line":135,"column":null}},"33":{"start":{"line":115,"column":4},"end":{"line":115,"column":null}},"34":{"start":{"line":115,"column":20},"end":{"line":115,"column":null}},"35":{"start":{"line":116,"column":4},"end":{"line":116,"column":null}},"36":{"start":{"line":117,"column":4},"end":{"line":117,"column":null}},"37":{"start":{"line":118,"column":4},"end":{"line":118,"column":null}},"38":{"start":{"line":119,"column":4},"end":{"line":119,"column":null}},"39":{"start":{"line":121,"column":4},"end":{"line":134,"column":null}},"40":{"start":{"line":123,"column":48},"end":{"line":126,"column":null}},"41":{"start":{"line":128,"column":6},"end":{"line":128,"column":null}},"42":{"start":{"line":129,"column":6},"end":{"line":129,"column":null}},"43":{"start":{"line":130,"column":6},"end":{"line":130,"column":null}},"44":{"start":{"line":132,"column":6},"end":{"line":132,"column":null}},"45":{"start":{"line":133,"column":6},"end":{"line":133,"column":null}},"46":{"start":{"line":138,"column":31},"end":{"line":164,"column":null}},"47":{"start":{"line":139,"column":4},"end":{"line":139,"column":null}},"48":{"start":{"line":139,"column":20},"end":{"line":139,"column":null}},"49":{"start":{"line":140,"column":4},"end":{"line":140,"column":null}},"50":{"start":{"line":141,"column":4},"end":{"line":141,"column":null}},"51":{"start":{"line":142,"column":4},"end":{"line":163,"column":null}},"52":{"start":{"line":144,"column":18},"end":{"line":144,"column":null}},"53":{"start":{"line":145,"column":23},"end":{"line":145,"column":null}},"54":{"start":{"line":148,"column":6},"end":{"line":156,"column":null}},"55":{"start":{"line":158,"column":6},"end":{"line":158,"column":null}},"56":{"start":{"line":159,"column":6},"end":{"line":159,"column":null}},"57":{"start":{"line":159,"column":23},"end":{"line":159,"column":106}},"58":{"start":{"line":161,"column":6},"end":{"line":161,"column":null}},"59":{"start":{"line":162,"column":6},"end":{"line":162,"column":null}},"60":{"start":{"line":167,"column":2},"end":{"line":171,"column":null}},"61":{"start":{"line":167,"column":15},"end":{"line":171,"column":null}},"62":{"start":{"line":173,"column":2},"end":{"line":173,"column":null}},"63":{"start":{"line":173,"column":13},"end":{"line":173,"column":null}},"64":{"start":{"line":174,"column":2},"end":{"line":174,"column":null}},"65":{"start":{"line":174,"column":13},"end":{"line":174,"column":null}},"66":{"start":{"line":180,"column":6},"end":{"line":180,"column":null}},"67":{"start":{"line":182,"column":32},"end":{"line":184,"column":null}},"68":{"start":{"line":183,"column":4},"end":{"line":183,"column":null}},"69":{"start":{"line":185,"column":23},"end":{"line":187,"column":null}},"70":{"start":{"line":186,"column":4},"end":{"line":186,"column":null}},"71":{"start":{"line":188,"column":22},"end":{"line":190,"column":null}},"72":{"start":{"line":189,"column":4},"end":{"line":189,"column":null}},"73":{"start":{"line":192,"column":20},"end":{"line":192,"column":null}},"74":{"start":{"line":195,"column":31},"end":{"line":195,"column":null}},"75":{"start":{"line":195,"column":56},"end":{"line":195,"column":87}},"76":{"start":{"line":197,"column":2},"end":{"line":665,"column":null}},"77":{"start":{"line":229,"column":18},"end":{"line":235,"column":null}},"78":{"start":{"line":243,"column":31},"end":{"line":243,"column":null}},"79":{"start":{"line":244,"column":31},"end":{"line":244,"column":null}},"80":{"start":{"line":245,"column":30},"end":{"line":245,"column":null}},"81":{"start":{"line":246,"column":16},"end":{"line":261,"column":null}},"82":{"start":{"line":271,"column":16},"end":{"line":284,"column":null}},"83":{"start":{"line":273,"column":33},"end":{"line":273,"column":null}},"84":{"start":{"line":298,"column":18},"end":{"line":298,"column":null}},"85":{"start":{"line":342,"column":20},"end":{"line":342,"column":null}},"86":{"start":{"line":352,"column":24},"end":{"line":362,"column":null}},"87":{"start":{"line":394,"column":35},"end":{"line":394,"column":57}},"88":{"start":{"line":394,"column":57},"end":{"line":394,"column":75}},"89":{"start":{"line":412,"column":20},"end":{"line":412,"column":null}},"90":{"start":{"line":461,"column":49},"end":{"line":461,"column":null}},"91":{"start":{"line":462,"column":35},"end":{"line":466,"column":null}},"92":{"start":{"line":468,"column":34},"end":{"line":470,"column":null}},"93":{"start":{"line":469,"column":56},"end":{"line":469,"column":64}},"94":{"start":{"line":471,"column":14},"end":{"line":530,"column":null}},"95":{"start":{"line":501,"column":26},"end":{"line":525,"column":null}},"96":{"start":{"line":547,"column":16},"end":{"line":554,"column":null}},"97":{"start":{"line":562,"column":16},"end":{"line":569,"column":null}},"98":{"start":{"line":578,"column":16},"end":{"line":584,"column":null}},"99":{"start":{"line":601,"column":12},"end":{"line":607,"column":null}},"100":{"start":{"line":622,"column":79},"end":{"line":622,"column":112}},"101":{"start":{"line":622,"column":112},"end":{"line":622,"column":134}},"102":{"start":{"line":624,"column":56},"end":{"line":624,"column":116}},"103":{"start":{"line":629,"column":78},"end":{"line":629,"column":112}},"104":{"start":{"line":632,"column":39},"end":{"line":632,"column":62}},"105":{"start":{"line":633,"column":65},"end":{"line":633,"column":83}},"106":{"start":{"line":634,"column":38},"end":{"line":634,"column":76}},"107":{"start":{"line":646,"column":27},"end":{"line":646,"column":null}}},"fnMap":{"0":{"name":"AdapterRow","decl":{"start":{"line":33,"column":9},"end":{"line":33,"column":20}},"loc":{"start":{"line":33,"column":86},"end":{"line":73,"column":null}},"line":33},"1":{"name":"Analysis","decl":{"start":{"line":77,"column":24},"end":{"line":77,"column":35}},"loc":{"start":{"line":77,"column":35},"end":{"line":667,"column":null}},"line":77},"2":{"name":"(anonymous_2)","decl":{"start":{"line":104,"column":2},"end":{"line":104,"column":18}},"loc":{"start":{"line":104,"column":18},"end":{"line":111,"column":5}},"line":104},"3":{"name":"(anonymous_3)","decl":{"start":{"line":109,"column":7},"end":{"line":109,"column":12}},"loc":{"start":{"line":109,"column":17},"end":{"line":109,"column":56}},"line":109},"4":{"name":"(anonymous_4)","decl":{"start":{"line":110,"column":7},"end":{"line":110,"column":13}},"loc":{"start":{"line":110,"column":18},"end":{"line":110,"column":98}},"line":110},"5":{"name":"(anonymous_5)","decl":{"start":{"line":114,"column":26},"end":{"line":114,"column":38}},"loc":{"start":{"line":114,"column":38},"end":{"line":135,"column":null}},"line":114},"6":{"name":"(anonymous_6)","decl":{"start":{"line":138,"column":31},"end":{"line":138,"column":43}},"loc":{"start":{"line":138,"column":43},"end":{"line":164,"column":null}},"line":138},"7":{"name":"(anonymous_7)","decl":{"start":{"line":159,"column":6},"end":{"line":159,"column":23}},"loc":{"start":{"line":159,"column":23},"end":{"line":159,"column":106}},"line":159},"8":{"name":"(anonymous_8)","decl":{"start":{"line":182,"column":45},"end":{"line":182,"column":53}},"loc":{"start":{"line":183,"column":4},"end":{"line":183,"column":null}},"line":183},"9":{"name":"(anonymous_9)","decl":{"start":{"line":185,"column":36},"end":{"line":185,"column":44}},"loc":{"start":{"line":186,"column":4},"end":{"line":186,"column":null}},"line":186},"10":{"name":"(anonymous_10)","decl":{"start":{"line":188,"column":45},"end":{"line":188,"column":51}},"loc":{"start":{"line":189,"column":4},"end":{"line":189,"column":null}},"line":189},"11":{"name":"(anonymous_11)","decl":{"start":{"line":195,"column":44},"end":{"line":195,"column":51}},"loc":{"start":{"line":195,"column":56},"end":{"line":195,"column":87}},"line":195},"12":{"name":"(anonymous_12)","decl":{"start":{"line":228,"column":37},"end":{"line":228,"column":42}},"loc":{"start":{"line":229,"column":18},"end":{"line":235,"column":null}},"line":229},"13":{"name":"(anonymous_13)","decl":{"start":{"line":242,"column":85},"end":{"line":242,"column":90}},"loc":{"start":{"line":242,"column":99},"end":{"line":263,"column":15}},"line":242},"14":{"name":"(anonymous_14)","decl":{"start":{"line":270,"column":24},"end":{"line":270,"column":28}},"loc":{"start":{"line":271,"column":16},"end":{"line":284,"column":null}},"line":271},"15":{"name":"(anonymous_15)","decl":{"start":{"line":273,"column":18},"end":{"line":273,"column":33}},"loc":{"start":{"line":273,"column":33},"end":{"line":273,"column":null}},"line":273},"16":{"name":"(anonymous_16)","decl":{"start":{"line":297,"column":110},"end":{"line":297,"column":115}},"loc":{"start":{"line":298,"column":18},"end":{"line":298,"column":null}},"line":298},"17":{"name":"(anonymous_17)","decl":{"start":{"line":341,"column":39},"end":{"line":341,"column":44}},"loc":{"start":{"line":342,"column":20},"end":{"line":342,"column":null}},"line":342},"18":{"name":"(anonymous_18)","decl":{"start":{"line":351,"column":44},"end":{"line":351,"column":48}},"loc":{"start":{"line":352,"column":24},"end":{"line":362,"column":null}},"line":352},"19":{"name":"(anonymous_19)","decl":{"start":{"line":394,"column":18},"end":{"line":394,"column":33}},"loc":{"start":{"line":394,"column":33},"end":{"line":394,"column":null}},"line":394},"20":{"name":"(anonymous_20)","decl":{"start":{"line":411,"column":39},"end":{"line":411,"column":44}},"loc":{"start":{"line":412,"column":20},"end":{"line":412,"column":null}},"line":412},"21":{"name":"(anonymous_21)","decl":{"start":{"line":459,"column":35},"end":{"line":459,"column":40}},"loc":{"start":{"line":459,"column":54},"end":{"line":532,"column":13}},"line":459},"22":{"name":"(anonymous_22)","decl":{"start":{"line":469,"column":37},"end":{"line":469,"column":42}},"loc":{"start":{"line":469,"column":56},"end":{"line":469,"column":64}},"line":469},"23":{"name":"(anonymous_23)","decl":{"start":{"line":500,"column":37},"end":{"line":500,"column":42}},"loc":{"start":{"line":501,"column":26},"end":{"line":525,"column":null}},"line":501},"24":{"name":"(anonymous_24)","decl":{"start":{"line":546,"column":38},"end":{"line":546,"column":43}},"loc":{"start":{"line":547,"column":16},"end":{"line":554,"column":null}},"line":547},"25":{"name":"(anonymous_25)","decl":{"start":{"line":561,"column":41},"end":{"line":561,"column":46}},"loc":{"start":{"line":562,"column":16},"end":{"line":569,"column":null}},"line":562},"26":{"name":"(anonymous_26)","decl":{"start":{"line":577,"column":45},"end":{"line":577,"column":50}},"loc":{"start":{"line":578,"column":16},"end":{"line":584,"column":null}},"line":578},"27":{"name":"(anonymous_27)","decl":{"start":{"line":600,"column":24},"end":{"line":600,"column":29}},"loc":{"start":{"line":601,"column":12},"end":{"line":607,"column":null}},"line":601},"28":{"name":"(anonymous_28)","decl":{"start":{"line":622,"column":62},"end":{"line":622,"column":72}},"loc":{"start":{"line":622,"column":77},"end":{"line":622,"column":null}},"line":622},"29":{"name":"(anonymous_29)","decl":{"start":{"line":624,"column":37},"end":{"line":624,"column":42}},"loc":{"start":{"line":624,"column":56},"end":{"line":624,"column":116}},"line":624},"30":{"name":"(anonymous_30)","decl":{"start":{"line":629,"column":63},"end":{"line":629,"column":73}},"loc":{"start":{"line":629,"column":78},"end":{"line":629,"column":112}},"line":629},"31":{"name":"(anonymous_31)","decl":{"start":{"line":632,"column":19},"end":{"line":632,"column":28}},"loc":{"start":{"line":632,"column":39},"end":{"line":632,"column":62}},"line":632},"32":{"name":"(anonymous_32)","decl":{"start":{"line":633,"column":19},"end":{"line":633,"column":27}},"loc":{"start":{"line":633,"column":65},"end":{"line":633,"column":83}},"line":633},"33":{"name":"(anonymous_33)","decl":{"start":{"line":634,"column":19},"end":{"line":634,"column":24}},"loc":{"start":{"line":634,"column":38},"end":{"line":634,"column":76}},"line":634},"34":{"name":"(anonymous_34)","decl":{"start":{"line":646,"column":12},"end":{"line":646,"column":27}},"loc":{"start":{"line":646,"column":27},"end":{"line":646,"column":null}},"line":646}},"branchMap":{"0":{"loc":{"start":{"line":34,"column":15},"end":{"line":34,"column":null}},"type":"binary-expr","locations":[{"start":{"line":34,"column":15},"end":{"line":34,"column":41}},{"start":{"line":34,"column":41},"end":{"line":34,"column":null}}],"line":34},"1":{"loc":{"start":{"line":40,"column":20},"end":{"line":40,"column":null}},"type":"cond-expr","locations":[{"start":{"line":40,"column":32},"end":{"line":40,"column":58}},{"start":{"line":40,"column":58},"end":{"line":40,"column":null}}],"line":40},"2":{"loc":{"start":{"line":41,"column":29},"end":{"line":41,"column":null}},"type":"cond-expr","locations":[{"start":{"line":41,"column":41},"end":{"line":41,"column":66}},{"start":{"line":41,"column":66},"end":{"line":41,"column":null}}],"line":41},"3":{"loc":{"start":{"line":45,"column":7},"end":{"line":47,"column":null}},"type":"cond-expr","locations":[{"start":{"line":46,"column":10},"end":{"line":47,"column":11}},{"start":{"line":47,"column":10},"end":{"line":47,"column":null}}],"line":45},"4":{"loc":{"start":{"line":47,"column":74},"end":{"line":47,"column":104}},"type":"cond-expr","locations":[{"start":{"line":47,"column":86},"end":{"line":47,"column":93}},{"start":{"line":47,"column":93},"end":{"line":47,"column":104}}],"line":47},"5":{"loc":{"start":{"line":54,"column":9},"end":{"line":57,"column":null}},"type":"binary-expr","locations":[{"start":{"line":54,"column":9},"end":{"line":54,"column":null}},{"start":{"line":55,"column":10},"end":{"line":57,"column":null}}],"line":54},"6":{"loc":{"start":{"line":59,"column":9},"end":{"line":62,"column":null}},"type":"binary-expr","locations":[{"start":{"line":59,"column":9},"end":{"line":59,"column":null}},{"start":{"line":60,"column":10},"end":{"line":62,"column":null}}],"line":59},"7":{"loc":{"start":{"line":66,"column":60},"end":{"line":66,"column":139}},"type":"cond-expr","locations":[{"start":{"line":66,"column":87},"end":{"line":66,"column":113}},{"start":{"line":66,"column":113},"end":{"line":66,"column":139}}],"line":66},"8":{"loc":{"start":{"line":81,"column":24},"end":{"line":81,"column":null}},"type":"binary-expr","locations":[{"start":{"line":81,"column":24},"end":{"line":81,"column":40}},{"start":{"line":81,"column":40},"end":{"line":81,"column":null}}],"line":81},"9":{"loc":{"start":{"line":105,"column":4},"end":{"line":105,"column":null}},"type":"if","locations":[{"start":{"line":105,"column":4},"end":{"line":105,"column":null}},{"start":{},"end":{}}],"line":105},"10":{"loc":{"start":{"line":107,"column":4},"end":{"line":107,"column":null}},"type":"if","locations":[{"start":{"line":107,"column":4},"end":{"line":107,"column":null}},{"start":{},"end":{}}],"line":107},"11":{"loc":{"start":{"line":110,"column":29},"end":{"line":110,"column":75}},"type":"binary-expr","locations":[{"start":{"line":110,"column":29},"end":{"line":110,"column":58}},{"start":{"line":110,"column":58},"end":{"line":110,"column":75}}],"line":110},"12":{"loc":{"start":{"line":115,"column":4},"end":{"line":115,"column":null}},"type":"if","locations":[{"start":{"line":115,"column":4},"end":{"line":115,"column":null}},{"start":{},"end":{}}],"line":115},"13":{"loc":{"start":{"line":129,"column":23},"end":{"line":129,"column":78}},"type":"binary-expr","locations":[{"start":{"line":129,"column":23},"end":{"line":129,"column":59}},{"start":{"line":129,"column":59},"end":{"line":129,"column":78}}],"line":129},"14":{"loc":{"start":{"line":132,"column":21},"end":{"line":132,"column":85}},"type":"binary-expr","locations":[{"start":{"line":132,"column":21},"end":{"line":132,"column":50}},{"start":{"line":132,"column":50},"end":{"line":132,"column":85}}],"line":132},"15":{"loc":{"start":{"line":139,"column":4},"end":{"line":139,"column":null}},"type":"if","locations":[{"start":{"line":139,"column":4},"end":{"line":139,"column":null}},{"start":{},"end":{}}],"line":139},"16":{"loc":{"start":{"line":153,"column":23},"end":{"line":153,"column":null}},"type":"binary-expr","locations":[{"start":{"line":153,"column":23},"end":{"line":153,"column":62}},{"start":{"line":153,"column":62},"end":{"line":153,"column":null}}],"line":153},"17":{"loc":{"start":{"line":154,"column":22},"end":{"line":154,"column":null}},"type":"binary-expr","locations":[{"start":{"line":154,"column":22},"end":{"line":154,"column":60}},{"start":{"line":154,"column":60},"end":{"line":154,"column":null}}],"line":154},"18":{"loc":{"start":{"line":155,"column":21},"end":{"line":155,"column":null}},"type":"binary-expr","locations":[{"start":{"line":155,"column":21},"end":{"line":155,"column":46}},{"start":{"line":155,"column":46},"end":{"line":155,"column":null}}],"line":155},"19":{"loc":{"start":{"line":161,"column":19},"end":{"line":161,"column":67}},"type":"binary-expr","locations":[{"start":{"line":161,"column":19},"end":{"line":161,"column":48}},{"start":{"line":161,"column":48},"end":{"line":161,"column":67}}],"line":161},"20":{"loc":{"start":{"line":167,"column":2},"end":{"line":171,"column":null}},"type":"if","locations":[{"start":{"line":167,"column":2},"end":{"line":171,"column":null}},{"start":{},"end":{}}],"line":167},"21":{"loc":{"start":{"line":173,"column":2},"end":{"line":173,"column":null}},"type":"if","locations":[{"start":{"line":173,"column":2},"end":{"line":173,"column":null}},{"start":{},"end":{}}],"line":173},"22":{"loc":{"start":{"line":174,"column":2},"end":{"line":174,"column":null}},"type":"if","locations":[{"start":{"line":174,"column":2},"end":{"line":174,"column":null}},{"start":{},"end":{}}],"line":174},"23":{"loc":{"start":{"line":177,"column":26},"end":{"line":177,"column":null}},"type":"default-arg","locations":[{"start":{"line":177,"column":41},"end":{"line":177,"column":null}}],"line":177},"24":{"loc":{"start":{"line":178,"column":4},"end":{"line":178,"column":30}},"type":"default-arg","locations":[{"start":{"line":178,"column":26},"end":{"line":178,"column":30}}],"line":178},"25":{"loc":{"start":{"line":178,"column":30},"end":{"line":178,"column":null}},"type":"default-arg","locations":[{"start":{"line":178,"column":54},"end":{"line":178,"column":null}}],"line":178},"26":{"loc":{"start":{"line":179,"column":4},"end":{"line":179,"column":null}},"type":"default-arg","locations":[{"start":{"line":179,"column":29},"end":{"line":179,"column":null}}],"line":179},"27":{"loc":{"start":{"line":183,"column":4},"end":{"line":183,"column":null}},"type":"binary-expr","locations":[{"start":{"line":183,"column":4},"end":{"line":183,"column":32}},{"start":{"line":183,"column":32},"end":{"line":183,"column":null}}],"line":183},"28":{"loc":{"start":{"line":186,"column":4},"end":{"line":186,"column":null}},"type":"binary-expr","locations":[{"start":{"line":186,"column":4},"end":{"line":186,"column":64}},{"start":{"line":186,"column":64},"end":{"line":186,"column":null}}],"line":186},"29":{"loc":{"start":{"line":192,"column":20},"end":{"line":192,"column":null}},"type":"binary-expr","locations":[{"start":{"line":192,"column":20},"end":{"line":192,"column":51}},{"start":{"line":192,"column":51},"end":{"line":192,"column":76}},{"start":{"line":192,"column":76},"end":{"line":192,"column":null}}],"line":192},"30":{"loc":{"start":{"line":205,"column":26},"end":{"line":205,"column":62}},"type":"binary-expr","locations":[{"start":{"line":205,"column":26},"end":{"line":205,"column":60}},{"start":{"line":205,"column":60},"end":{"line":205,"column":62}}],"line":205},"31":{"loc":{"start":{"line":208,"column":34},"end":{"line":208,"column":null}},"type":"cond-expr","locations":[{"start":{"line":208,"column":67},"end":{"line":208,"column":87}},{"start":{"line":208,"column":87},"end":{"line":208,"column":null}}],"line":208},"32":{"loc":{"start":{"line":209,"column":11},"end":{"line":209,"column":null}},"type":"cond-expr","locations":[{"start":{"line":209,"column":44},"end":{"line":209,"column":88}},{"start":{"line":209,"column":88},"end":{"line":209,"column":null}}],"line":209},"33":{"loc":{"start":{"line":214,"column":7},"end":{"line":451,"column":null}},"type":"binary-expr","locations":[{"start":{"line":214,"column":7},"end":{"line":214,"column":null}},{"start":{"line":215,"column":8},"end":{"line":451,"column":null}}],"line":214},"34":{"loc":{"start":{"line":234,"column":21},"end":{"line":234,"column":43}},"type":"binary-expr","locations":[{"start":{"line":234,"column":21},"end":{"line":234,"column":38}},{"start":{"line":234,"column":38},"end":{"line":234,"column":43}}],"line":234},"35":{"loc":{"start":{"line":244,"column":31},"end":{"line":244,"column":null}},"type":"binary-expr","locations":[{"start":{"line":244,"column":31},"end":{"line":244,"column":47}},{"start":{"line":244,"column":47},"end":{"line":244,"column":67}},{"start":{"line":244,"column":67},"end":{"line":244,"column":null}}],"line":244},"36":{"loc":{"start":{"line":251,"column":34},"end":{"line":251,"column":null}},"type":"cond-expr","locations":[{"start":{"line":251,"column":51},"end":{"line":251,"column":75}},{"start":{"line":251,"column":75},"end":{"line":251,"column":null}}],"line":251},"37":{"loc":{"start":{"line":251,"column":34},"end":{"line":251,"column":51}},"type":"binary-expr","locations":[{"start":{"line":251,"column":34},"end":{"line":251,"column":42}},{"start":{"line":251,"column":42},"end":{"line":251,"column":51}}],"line":251},"38":{"loc":{"start":{"line":252,"column":29},"end":{"line":252,"column":null}},"type":"cond-expr","locations":[{"start":{"line":252,"column":46},"end":{"line":252,"column":55}},{"start":{"line":252,"column":55},"end":{"line":252,"column":null}}],"line":252},"39":{"loc":{"start":{"line":252,"column":29},"end":{"line":252,"column":46}},"type":"binary-expr","locations":[{"start":{"line":252,"column":29},"end":{"line":252,"column":37}},{"start":{"line":252,"column":37},"end":{"line":252,"column":46}}],"line":252},"40":{"loc":{"start":{"line":255,"column":23},"end":{"line":255,"column":null}},"type":"cond-expr","locations":[{"start":{"line":255,"column":45},"end":{"line":255,"column":51}},{"start":{"line":255,"column":51},"end":{"line":255,"column":null}}],"line":255},"41":{"loc":{"start":{"line":255,"column":23},"end":{"line":255,"column":45}},"type":"binary-expr","locations":[{"start":{"line":255,"column":23},"end":{"line":255,"column":31}},{"start":{"line":255,"column":31},"end":{"line":255,"column":45}}],"line":255},"42":{"loc":{"start":{"line":257,"column":56},"end":{"line":257,"column":117}},"type":"cond-expr","locations":[{"start":{"line":257,"column":65},"end":{"line":257,"column":91}},{"start":{"line":257,"column":91},"end":{"line":257,"column":117}}],"line":257},"43":{"loc":{"start":{"line":260,"column":21},"end":{"line":260,"column":null}},"type":"binary-expr","locations":[{"start":{"line":260,"column":21},"end":{"line":260,"column":30}},{"start":{"line":260,"column":30},"end":{"line":260,"column":null}}],"line":260},"44":{"loc":{"start":{"line":268,"column":11},"end":{"line":286,"column":null}},"type":"binary-expr","locations":[{"start":{"line":268,"column":11},"end":{"line":268,"column":null}},{"start":{"line":269,"column":12},"end":{"line":286,"column":null}}],"line":268},"45":{"loc":{"start":{"line":276,"column":41},"end":{"line":276,"column":null}},"type":"cond-expr","locations":[{"start":{"line":276,"column":63},"end":{"line":276,"column":73}},{"start":{"line":276,"column":73},"end":{"line":276,"column":null}}],"line":276},"46":{"loc":{"start":{"line":277,"column":32},"end":{"line":277,"column":null}},"type":"cond-expr","locations":[{"start":{"line":277,"column":54},"end":{"line":277,"column":71}},{"start":{"line":277,"column":71},"end":{"line":277,"column":null}}],"line":277},"47":{"loc":{"start":{"line":280,"column":71},"end":{"line":280,"column":123}},"type":"cond-expr","locations":[{"start":{"line":280,"column":93},"end":{"line":280,"column":103}},{"start":{"line":280,"column":103},"end":{"line":280,"column":123}}],"line":280},"48":{"loc":{"start":{"line":290,"column":11},"end":{"line":301,"column":null}},"type":"binary-expr","locations":[{"start":{"line":290,"column":11},"end":{"line":290,"column":null}},{"start":{"line":291,"column":12},"end":{"line":301,"column":null}}],"line":290},"49":{"loc":{"start":{"line":298,"column":60},"end":{"line":298,"column":82}},"type":"binary-expr","locations":[{"start":{"line":298,"column":60},"end":{"line":298,"column":77}},{"start":{"line":298,"column":77},"end":{"line":298,"column":82}}],"line":298},"50":{"loc":{"start":{"line":305,"column":11},"end":{"line":399,"column":null}},"type":"binary-expr","locations":[{"start":{"line":305,"column":11},"end":{"line":305,"column":39}},{"start":{"line":305,"column":39},"end":{"line":305,"column":null}},{"start":{"line":306,"column":12},"end":{"line":399,"column":null}}],"line":305},"51":{"loc":{"start":{"line":337,"column":66},"end":{"line":337,"column":121}},"type":"cond-expr","locations":[{"start":{"line":337,"column":100},"end":{"line":337,"column":114}},{"start":{"line":337,"column":114},"end":{"line":337,"column":121}}],"line":337},"52":{"loc":{"start":{"line":347,"column":17},"end":{"line":367,"column":null}},"type":"binary-expr","locations":[{"start":{"line":347,"column":17},"end":{"line":347,"column":null}},{"start":{"line":348,"column":18},"end":{"line":367,"column":null}}],"line":347},"53":{"loc":{"start":{"line":369,"column":15},"end":{"line":376,"column":null}},"type":"binary-expr","locations":[{"start":{"line":369,"column":15},"end":{"line":369,"column":null}},{"start":{"line":370,"column":16},"end":{"line":376,"column":null}}],"line":369},"54":{"loc":{"start":{"line":403,"column":11},"end":{"line":419,"column":null}},"type":"binary-expr","locations":[{"start":{"line":403,"column":11},"end":{"line":403,"column":null}},{"start":{"line":404,"column":12},"end":{"line":419,"column":null}}],"line":403},"55":{"loc":{"start":{"line":409,"column":15},"end":{"line":414,"column":null}},"type":"binary-expr","locations":[{"start":{"line":409,"column":15},"end":{"line":409,"column":null}},{"start":{"line":410,"column":16},"end":{"line":414,"column":null}}],"line":409},"56":{"loc":{"start":{"line":423,"column":11},"end":{"line":429,"column":null}},"type":"binary-expr","locations":[{"start":{"line":423,"column":11},"end":{"line":423,"column":null}},{"start":{"line":424,"column":12},"end":{"line":429,"column":null}}],"line":423},"57":{"loc":{"start":{"line":433,"column":11},"end":{"line":449,"column":null}},"type":"binary-expr","locations":[{"start":{"line":433,"column":11},"end":{"line":433,"column":null}},{"start":{"line":434,"column":12},"end":{"line":449,"column":null}}],"line":433},"58":{"loc":{"start":{"line":435,"column":15},"end":{"line":440,"column":15}},"type":"binary-expr","locations":[{"start":{"line":435,"column":15},"end":{"line":435,"column":null}},{"start":{"line":436,"column":16},"end":{"line":440,"column":15}}],"line":435},"59":{"loc":{"start":{"line":457,"column":9},"end":{"line":537,"column":null}},"type":"cond-expr","locations":[{"start":{"line":458,"column":10},"end":{"line":535,"column":11}},{"start":{"line":535,"column":10},"end":{"line":537,"column":null}}],"line":457},"60":{"loc":{"start":{"line":462,"column":35},"end":{"line":466,"column":null}},"type":"cond-expr","locations":[{"start":{"line":463,"column":18},"end":{"line":465,"column":null}},{"start":{"line":466,"column":18},"end":{"line":466,"column":null}}],"line":462},"61":{"loc":{"start":{"line":463,"column":18},"end":{"line":465,"column":null}},"type":"cond-expr","locations":[{"start":{"line":464,"column":20},"end":{"line":464,"column":null}},{"start":{"line":465,"column":20},"end":{"line":465,"column":null}}],"line":463},"62":{"loc":{"start":{"line":463,"column":18},"end":{"line":463,"column":null}},"type":"binary-expr","locations":[{"start":{"line":463,"column":18},"end":{"line":463,"column":44}},{"start":{"line":463,"column":44},"end":{"line":463,"column":null}}],"line":463},"63":{"loc":{"start":{"line":468,"column":34},"end":{"line":470,"column":null}},"type":"cond-expr","locations":[{"start":{"line":469,"column":18},"end":{"line":469,"column":null}},{"start":{"line":470,"column":18},"end":{"line":470,"column":null}}],"line":468},"64":{"loc":{"start":{"line":468,"column":34},"end":{"line":468,"column":null}},"type":"binary-expr","locations":[{"start":{"line":468,"column":34},"end":{"line":468,"column":44}},{"start":{"line":468,"column":44},"end":{"line":468,"column":null}}],"line":468},"65":{"loc":{"start":{"line":473,"column":94},"end":{"line":473,"column":114}},"type":"cond-expr","locations":[{"start":{"line":473,"column":108},"end":{"line":473,"column":112}},{"start":{"line":473,"column":112},"end":{"line":473,"column":114}}],"line":473},"66":{"loc":{"start":{"line":474,"column":52},"end":{"line":474,"column":102}},"type":"binary-expr","locations":[{"start":{"line":474,"column":52},"end":{"line":474,"column":91}},{"start":{"line":474,"column":91},"end":{"line":474,"column":102}}],"line":474},"67":{"loc":{"start":{"line":476,"column":21},"end":{"line":477,"column":null}},"type":"binary-expr","locations":[{"start":{"line":476,"column":21},"end":{"line":476,"column":37}},{"start":{"line":476,"column":37},"end":{"line":476,"column":null}},{"start":{"line":477,"column":22},"end":{"line":477,"column":null}}],"line":476},"68":{"loc":{"start":{"line":485,"column":46},"end":{"line":485,"column":null}},"type":"cond-expr","locations":[{"start":{"line":485,"column":102},"end":{"line":485,"column":122}},{"start":{"line":485,"column":122},"end":{"line":485,"column":null}}],"line":485},"69":{"loc":{"start":{"line":486,"column":23},"end":{"line":486,"column":null}},"type":"cond-expr","locations":[{"start":{"line":486,"column":79},"end":{"line":486,"column":93}},{"start":{"line":486,"column":93},"end":{"line":486,"column":null}}],"line":486},"70":{"loc":{"start":{"line":490,"column":19},"end":{"line":530,"column":null}},"type":"binary-expr","locations":[{"start":{"line":490,"column":19},"end":{"line":490,"column":null}},{"start":{"line":491,"column":20},"end":{"line":530,"column":null}}],"line":490},"71":{"loc":{"start":{"line":507,"column":40},"end":{"line":511,"column":null}},"type":"cond-expr","locations":[{"start":{"line":508,"column":32},"end":{"line":508,"column":null}},{"start":{"line":509,"column":32},"end":{"line":511,"column":null}}],"line":507},"72":{"loc":{"start":{"line":509,"column":32},"end":{"line":511,"column":null}},"type":"cond-expr","locations":[{"start":{"line":510,"column":34},"end":{"line":510,"column":null}},{"start":{"line":511,"column":34},"end":{"line":511,"column":null}}],"line":509},"73":{"loc":{"start":{"line":512,"column":35},"end":{"line":516,"column":null}},"type":"cond-expr","locations":[{"start":{"line":513,"column":32},"end":{"line":513,"column":null}},{"start":{"line":514,"column":32},"end":{"line":516,"column":null}}],"line":512},"74":{"loc":{"start":{"line":514,"column":32},"end":{"line":516,"column":null}},"type":"cond-expr","locations":[{"start":{"line":515,"column":34},"end":{"line":515,"column":null}},{"start":{"line":516,"column":34},"end":{"line":516,"column":null}}],"line":514},"75":{"loc":{"start":{"line":518,"column":41},"end":{"line":522,"column":null}},"type":"cond-expr","locations":[{"start":{"line":519,"column":32},"end":{"line":519,"column":null}},{"start":{"line":520,"column":32},"end":{"line":522,"column":null}}],"line":518},"76":{"loc":{"start":{"line":520,"column":32},"end":{"line":522,"column":null}},"type":"cond-expr","locations":[{"start":{"line":521,"column":34},"end":{"line":521,"column":null}},{"start":{"line":522,"column":34},"end":{"line":522,"column":null}}],"line":520},"77":{"loc":{"start":{"line":540,"column":8},"end":{"line":592,"column":null}},"type":"binary-expr","locations":[{"start":{"line":540,"column":8},"end":{"line":540,"column":47}},{"start":{"line":540,"column":47},"end":{"line":540,"column":89}},{"start":{"line":540,"column":89},"end":{"line":540,"column":null}},{"start":{"line":542,"column":8},"end":{"line":592,"column":null}}],"line":540},"78":{"loc":{"start":{"line":543,"column":11},"end":{"line":556,"column":null}},"type":"binary-expr","locations":[{"start":{"line":543,"column":11},"end":{"line":543,"column":null}},{"start":{"line":544,"column":12},"end":{"line":556,"column":null}}],"line":543},"79":{"loc":{"start":{"line":558,"column":11},"end":{"line":571,"column":null}},"type":"binary-expr","locations":[{"start":{"line":558,"column":11},"end":{"line":558,"column":null}},{"start":{"line":559,"column":12},"end":{"line":571,"column":null}}],"line":558},"80":{"loc":{"start":{"line":576,"column":13},"end":{"line":591,"column":null}},"type":"cond-expr","locations":[{"start":{"line":577,"column":14},"end":{"line":585,"column":null}},{"start":{"line":587,"column":14},"end":{"line":591,"column":null}}],"line":576},"81":{"loc":{"start":{"line":602,"column":40},"end":{"line":602,"column":94}},"type":"binary-expr","locations":[{"start":{"line":602,"column":40},"end":{"line":602,"column":70}},{"start":{"line":602,"column":70},"end":{"line":602,"column":94}}],"line":602},"82":{"loc":{"start":{"line":603,"column":46},"end":{"line":603,"column":100}},"type":"binary-expr","locations":[{"start":{"line":603,"column":46},"end":{"line":603,"column":89}},{"start":{"line":603,"column":89},"end":{"line":603,"column":100}}],"line":603},"83":{"loc":{"start":{"line":604,"column":49},"end":{"line":604,"column":80}},"type":"binary-expr","locations":[{"start":{"line":604,"column":49},"end":{"line":604,"column":61}},{"start":{"line":604,"column":61},"end":{"line":604,"column":80}}],"line":604},"84":{"loc":{"start":{"line":606,"column":83},"end":{"line":606,"column":118}},"type":"binary-expr","locations":[{"start":{"line":606,"column":83},"end":{"line":606,"column":102}},{"start":{"line":606,"column":102},"end":{"line":606,"column":118}}],"line":606},"85":{"loc":{"start":{"line":613,"column":7},"end":{"line":650,"column":null}},"type":"binary-expr","locations":[{"start":{"line":613,"column":7},"end":{"line":613,"column":null}},{"start":{"line":614,"column":8},"end":{"line":650,"column":null}}],"line":613},"86":{"loc":{"start":{"line":624,"column":83},"end":{"line":624,"column":103}},"type":"binary-expr","locations":[{"start":{"line":624,"column":83},"end":{"line":624,"column":100}},{"start":{"line":624,"column":100},"end":{"line":624,"column":103}}],"line":624},"87":{"loc":{"start":{"line":632,"column":39},"end":{"line":632,"column":62}},"type":"binary-expr","locations":[{"start":{"line":632,"column":39},"end":{"line":632,"column":60}},{"start":{"line":632,"column":60},"end":{"line":632,"column":62}}],"line":632},"88":{"loc":{"start":{"line":637,"column":13},"end":{"line":640,"column":null}},"type":"binary-expr","locations":[{"start":{"line":637,"column":13},"end":{"line":637,"column":null}},{"start":{"line":638,"column":14},"end":{"line":640,"column":null}}],"line":637},"89":{"loc":{"start":{"line":645,"column":22},"end":{"line":645,"column":null}},"type":"binary-expr","locations":[{"start":{"line":645,"column":22},"end":{"line":645,"column":39}},{"start":{"line":645,"column":39},"end":{"line":645,"column":null}}],"line":645},"90":{"loc":{"start":{"line":654,"column":7},"end":{"line":663,"column":null}},"type":"binary-expr","locations":[{"start":{"line":654,"column":7},"end":{"line":654,"column":null}},{"start":{"line":655,"column":8},"end":{"line":663,"column":null}}],"line":654}},"s":{"0":1,"1":1,"2":1,"3":0,"4":0,"5":0,"6":0,"7":0,"8":0,"9":0,"10":0,"11":0,"12":0,"13":0,"14":0,"15":0,"16":0,"17":0,"18":0,"19":0,"20":0,"21":0,"22":0,"23":0,"24":0,"25":0,"26":0,"27":0,"28":0,"29":0,"30":0,"31":0,"32":0,"33":0,"34":0,"35":0,"36":0,"37":0,"38":0,"39":0,"40":0,"41":0,"42":0,"43":0,"44":0,"45":0,"46":0,"47":0,"48":0,"49":0,"50":0,"51":0,"52":0,"53":0,"54":0,"55":0,"56":0,"57":0,"58":0,"59":0,"60":0,"61":0,"62":0,"63":0,"64":0,"65":0,"66":0,"67":0,"68":0,"69":0,"70":0,"71":0,"72":0,"73":0,"74":0,"75":0,"76":0,"77":0,"78":0,"79":0,"80":0,"81":0,"82":0,"83":0,"84":0,"85":0,"86":0,"87":0,"88":0,"89":0,"90":0,"91":0,"92":0,"93":0,"94":0,"95":0,"96":0,"97":0,"98":0,"99":0,"100":0,"101":0,"102":0,"103":0,"104":0,"105":0,"106":0,"107":0},"f":{"0":0,"1":0,"2":0,"3":0,"4":0,"5":0,"6":0,"7":0,"8":0,"9":0,"10":0,"11":0,"12":0,"13":0,"14":0,"15":0,"16":0,"17":0,"18":0,"19":0,"20":0,"21":0,"22":0,"23":0,"24":0,"25":0,"26":0,"27":0,"28":0,"29":0,"30":0,"31":0,"32":0,"33":0,"34":0},"b":{"0":[0,0],"1":[0,0],"2":[0,0],"3":[0,0],"4":[0,0],"5":[0,0],"6":[0,0],"7":[0,0],"8":[0,0],"9":[0,0],"10":[0,0],"11":[0,0],"12":[0,0],"13":[0,0],"14":[0,0],"15":[0,0],"16":[0,0],"17":[0,0],"18":[0,0],"19":[0,0],"20":[0,0],"21":[0,0],"22":[0,0],"23":[0],"24":[0],"25":[0],"26":[0],"27":[0,0],"28":[0,0],"29":[0,0,0],"30":[0,0],"31":[0,0],"32":[0,0],"33":[0,0],"34":[0,0],"35":[0,0,0],"36":[0,0],"37":[0,0],"38":[0,0],"39":[0,0],"40":[0,0],"41":[0,0],"42":[0,0],"43":[0,0],"44":[0,0],"45":[0,0],"46":[0,0],"47":[0,0],"48":[0,0],"49":[0,0],"50":[0,0,0],"51":[0,0],"52":[0,0],"53":[0,0],"54":[0,0],"55":[0,0],"56":[0,0],"57":[0,0],"58":[0,0],"59":[0,0],"60":[0,0],"61":[0,0],"62":[0,0],"63":[0,0],"64":[0,0],"65":[0,0],"66":[0,0],"67":[0,0,0],"68":[0,0],"69":[0,0],"70":[0,0],"71":[0,0],"72":[0,0],"73":[0,0],"74":[0,0],"75":[0,0],"76":[0,0],"77":[0,0,0,0],"78":[0,0],"79":[0,0],"80":[0,0],"81":[0,0],"82":[0,0],"83":[0,0],"84":[0,0],"85":[0,0],"86":[0,0],"87":[0,0],"88":[0,0],"89":[0,0],"90":[0,0]},"meta":{"lastBranch":91,"lastFunction":35,"lastStatement":108,"seen":{"s:8:43:13:Infinity":0,"s:16:47:20:Infinity":1,"s:22:97:26:Infinity":2,"f:33:9:33:20":0,"s:34:15:34:Infinity":3,"b:34:15:34:41:34:41:34:Infinity":0,"s:35:2:71:Infinity":4,"b:40:32:40:58:40:58:40:Infinity":1,"b:41:41:41:66:41:66:41:Infinity":2,"b:46:10:47:11:47:10:47:Infinity":3,"b:47:86:47:93:47:93:47:104":4,"b:54:9:54:Infinity:55:10:57:Infinity":5,"b:59:9:59:Infinity:60:10:62:Infinity":6,"b:66:87:66:113:66:113:66:139":7,"f:77:24:77:35":1,"s:78:24:78:57":5,"s:79:15:79:31":6,"s:80:19:80:31":7,"s:81:24:81:Infinity":8,"b:81:24:81:40:81:40:81:Infinity":8,"s:84:36:84:Infinity":9,"s:85:36:85:Infinity":10,"s:86:36:86:Infinity":11,"s:87:36:87:Infinity":12,"s:90:36:90:Infinity":13,"s:91:36:91:Infinity":14,"s:92:36:92:Infinity":15,"s:93:40:93:Infinity":16,"s:94:36:94:Infinity":17,"s:97:42:97:Infinity":18,"s:100:46:100:Infinity":19,"s:101:46:101:Infinity":20,"s:104:2:111:Infinity":21,"f:104:2:104:18":2,"b:105:4:105:Infinity:undefined:undefined:undefined:undefined":9,"s:105:4:105:Infinity":22,"s:105:34:105:Infinity":23,"s:106:4:106:Infinity":24,"b:107:4:107:Infinity:undefined:undefined:undefined:undefined":10,"s:107:4:107:Infinity":25,"s:107:20:107:Infinity":26,"s:108:4:110:Infinity":27,"f:109:7:109:12":3,"s:109:19:109:36":28,"s:109:36:109:55":29,"f:110:7:110:13":4,"s:110:20:110:78":30,"b:110:29:110:58:110:58:110:75":11,"s:110:78:110:97":31,"s:114:26:135:Infinity":32,"f:114:26:114:38":5,"b:115:4:115:Infinity:undefined:undefined:undefined:undefined":12,"s:115:4:115:Infinity":33,"s:115:20:115:Infinity":34,"s:116:4:116:Infinity":35,"s:117:4:117:Infinity":36,"s:118:4:118:Infinity":37,"s:119:4:119:Infinity":38,"s:121:4:134:Infinity":39,"s:123:48:126:Infinity":40,"s:128:6:128:Infinity":41,"s:129:6:129:Infinity":42,"b:129:23:129:59:129:59:129:78":13,"s:130:6:130:Infinity":43,"s:132:6:132:Infinity":44,"b:132:21:132:50:132:50:132:85":14,"s:133:6:133:Infinity":45,"s:138:31:164:Infinity":46,"f:138:31:138:43":6,"b:139:4:139:Infinity:undefined:undefined:undefined:undefined":15,"s:139:4:139:Infinity":47,"s:139:20:139:Infinity":48,"s:140:4:140:Infinity":49,"s:141:4:141:Infinity":50,"s:142:4:163:Infinity":51,"s:144:18:144:Infinity":52,"s:145:23:145:Infinity":53,"s:148:6:156:Infinity":54,"b:153:23:153:62:153:62:153:Infinity":16,"b:154:22:154:60:154:60:154:Infinity":17,"b:155:21:155:46:155:46:155:Infinity":18,"s:158:6:158:Infinity":55,"s:159:6:159:Infinity":56,"f:159:6:159:23":7,"s:159:23:159:106":57,"s:161:6:161:Infinity":58,"b:161:19:161:48:161:48:161:67":19,"s:162:6:162:Infinity":59,"b:167:2:171:Infinity:undefined:undefined:undefined:undefined":20,"s:167:2:171:Infinity":60,"s:167:15:171:Infinity":61,"b:173:2:173:Infinity:undefined:undefined:undefined:undefined":21,"s:173:2:173:Infinity":62,"s:173:13:173:Infinity":63,"b:174:2:174:Infinity:undefined:undefined:undefined:undefined":22,"s:174:2:174:Infinity":64,"s:174:13:174:Infinity":65,"s:180:6:180:Infinity":66,"b:177:41:177:Infinity":23,"b:178:26:178:30":24,"b:178:54:178:Infinity":25,"b:179:29:179:Infinity":26,"s:182:32:184:Infinity":67,"f:182:45:182:53":8,"s:183:4:183:Infinity":68,"b:183:4:183:32:183:32:183:Infinity":27,"s:185:23:187:Infinity":69,"f:185:36:185:44":9,"s:186:4:186:Infinity":70,"b:186:4:186:64:186:64:186:Infinity":28,"s:188:22:190:Infinity":71,"f:188:45:188:51":10,"s:189:4:189:Infinity":72,"s:192:20:192:Infinity":73,"b:192:20:192:51:192:51:192:76:192:76:192:Infinity":29,"s:195:31:195:Infinity":74,"f:195:44:195:51":11,"s:195:56:195:87":75,"s:197:2:665:Infinity":76,"b:205:26:205:60:205:60:205:62":30,"b:208:67:208:87:208:87:208:Infinity":31,"b:209:44:209:88:209:88:209:Infinity":32,"b:214:7:214:Infinity:215:8:451:Infinity":33,"f:228:37:228:42":12,"s:229:18:235:Infinity":77,"b:234:21:234:38:234:38:234:43":34,"f:242:85:242:90":13,"s:243:31:243:Infinity":78,"s:244:31:244:Infinity":79,"b:244:31:244:47:244:47:244:67:244:67:244:Infinity":35,"s:245:30:245:Infinity":80,"s:246:16:261:Infinity":81,"b:251:51:251:75:251:75:251:Infinity":36,"b:251:34:251:42:251:42:251:51":37,"b:252:46:252:55:252:55:252:Infinity":38,"b:252:29:252:37:252:37:252:46":39,"b:255:45:255:51:255:51:255:Infinity":40,"b:255:23:255:31:255:31:255:45":41,"b:257:65:257:91:257:91:257:117":42,"b:260:21:260:30:260:30:260:Infinity":43,"b:268:11:268:Infinity:269:12:286:Infinity":44,"f:270:24:270:28":14,"s:271:16:284:Infinity":82,"f:273:18:273:33":15,"s:273:33:273:Infinity":83,"b:276:63:276:73:276:73:276:Infinity":45,"b:277:54:277:71:277:71:277:Infinity":46,"b:280:93:280:103:280:103:280:123":47,"b:290:11:290:Infinity:291:12:301:Infinity":48,"f:297:110:297:115":16,"s:298:18:298:Infinity":84,"b:298:60:298:77:298:77:298:82":49,"b:305:11:305:39:305:39:305:Infinity:306:12:399:Infinity":50,"b:337:100:337:114:337:114:337:121":51,"f:341:39:341:44":17,"s:342:20:342:Infinity":85,"b:347:17:347:Infinity:348:18:367:Infinity":52,"f:351:44:351:48":18,"s:352:24:362:Infinity":86,"b:369:15:369:Infinity:370:16:376:Infinity":53,"f:394:18:394:33":19,"s:394:35:394:57":87,"s:394:57:394:75":88,"b:403:11:403:Infinity:404:12:419:Infinity":54,"b:409:15:409:Infinity:410:16:414:Infinity":55,"f:411:39:411:44":20,"s:412:20:412:Infinity":89,"b:423:11:423:Infinity:424:12:429:Infinity":56,"b:433:11:433:Infinity:434:12:449:Infinity":57,"b:435:15:435:Infinity:436:16:440:15":58,"b:458:10:535:11:535:10:537:Infinity":59,"f:459:35:459:40":21,"s:461:49:461:Infinity":90,"s:462:35:466:Infinity":91,"b:463:18:465:Infinity:466:18:466:Infinity":60,"b:464:20:464:Infinity:465:20:465:Infinity":61,"b:463:18:463:44:463:44:463:Infinity":62,"s:468:34:470:Infinity":92,"b:469:18:469:Infinity:470:18:470:Infinity":63,"b:468:34:468:44:468:44:468:Infinity":64,"f:469:37:469:42":22,"s:469:56:469:64":93,"s:471:14:530:Infinity":94,"b:473:108:473:112:473:112:473:114":65,"b:474:52:474:91:474:91:474:102":66,"b:476:21:476:37:476:37:476:Infinity:477:22:477:Infinity":67,"b:485:102:485:122:485:122:485:Infinity":68,"b:486:79:486:93:486:93:486:Infinity":69,"b:490:19:490:Infinity:491:20:530:Infinity":70,"f:500:37:500:42":23,"s:501:26:525:Infinity":95,"b:508:32:508:Infinity:509:32:511:Infinity":71,"b:510:34:510:Infinity:511:34:511:Infinity":72,"b:513:32:513:Infinity:514:32:516:Infinity":73,"b:515:34:515:Infinity:516:34:516:Infinity":74,"b:519:32:519:Infinity:520:32:522:Infinity":75,"b:521:34:521:Infinity:522:34:522:Infinity":76,"b:540:8:540:47:540:47:540:89:540:89:540:Infinity:542:8:592:Infinity":77,"b:543:11:543:Infinity:544:12:556:Infinity":78,"f:546:38:546:43":24,"s:547:16:554:Infinity":96,"b:558:11:558:Infinity:559:12:571:Infinity":79,"f:561:41:561:46":25,"s:562:16:569:Infinity":97,"b:577:14:585:Infinity:587:14:591:Infinity":80,"f:577:45:577:50":26,"s:578:16:584:Infinity":98,"f:600:24:600:29":27,"s:601:12:607:Infinity":99,"b:602:40:602:70:602:70:602:94":81,"b:603:46:603:89:603:89:603:100":82,"b:604:49:604:61:604:61:604:80":83,"b:606:83:606:102:606:102:606:118":84,"b:613:7:613:Infinity:614:8:650:Infinity":85,"f:622:62:622:72":28,"s:622:79:622:112":100,"s:622:112:622:134":101,"f:624:37:624:42":29,"s:624:56:624:116":102,"b:624:83:624:100:624:100:624:103":86,"f:629:63:629:73":30,"s:629:78:629:112":103,"f:632:19:632:28":31,"s:632:39:632:62":104,"b:632:39:632:60:632:60:632:62":87,"f:633:19:633:27":32,"s:633:65:633:83":105,"f:634:19:634:24":33,"s:634:38:634:76":106,"b:637:13:637:Infinity:638:14:640:Infinity":88,"b:645:22:645:39:645:39:645:Infinity":89,"f:646:12:646:27":34,"s:646:27:646:Infinity":107,"b:654:7:654:Infinity:655:8:663:Infinity":90},"fnNames":{}}}
,"C:\\Users\\bandi\\Desktop\\SystemaOps\\modernization-platform\\frontend\\src\\pages\\CodeChanges.tsx": {"path":"C:\\Users\\bandi\\Desktop\\SystemaOps\\modernization-platform\\frontend\\src\\pages\\CodeChanges.tsx","statementMap":{"0":{"start":{"line":13,"column":2},"end":{"line":13,"column":null}},"1":{"start":{"line":13,"column":13},"end":{"line":13,"column":null}},"2":{"start":{"line":14,"column":2},"end":{"line":27,"column":null}},"3":{"start":{"line":17,"column":20},"end":{"line":19,"column":null}},"4":{"start":{"line":20,"column":8},"end":{"line":24,"column":null}},"5":{"start":{"line":32,"column":23},"end":{"line":32,"column":55}},"6":{"start":{"line":33,"column":19},"end":{"line":33,"column":31}},"7":{"start":{"line":34,"column":26},"end":{"line":34,"column":null}},"8":{"start":{"line":35,"column":34},"end":{"line":35,"column":null}},"9":{"start":{"line":36,"column":34},"end":{"line":36,"column":null}},"10":{"start":{"line":38,"column":2},"end":{"line":47,"column":null}},"11":{"start":{"line":39,"column":4},"end":{"line":39,"column":null}},"12":{"start":{"line":39,"column":19},"end":{"line":39,"column":null}},"13":{"start":{"line":40,"column":4},"end":{"line":46,"column":null}},"14":{"start":{"line":42,"column":21},"end":{"line":42,"column":null}},"15":{"start":{"line":43,"column":8},"end":{"line":43,"column":null}},"16":{"start":{"line":44,"column":8},"end":{"line":44,"column":null}},"17":{"start":{"line":44,"column":37},"end":{"line":44,"column":null}},"18":{"start":{"line":49,"column":2},"end":{"line":56,"column":null}},"19":{"start":{"line":50,"column":4},"end":{"line":54,"column":null}},"20":{"start":{"line":58,"column":16},"end":{"line":58,"column":null}},"21":{"start":{"line":60,"column":2},"end":{"line":155,"column":null}},"22":{"start":{"line":70,"column":27},"end":{"line":70,"column":null}},"23":{"start":{"line":76,"column":27},"end":{"line":76,"column":null}},"24":{"start":{"line":80,"column":66},"end":{"line":80,"column":80}},"25":{"start":{"line":90,"column":14},"end":{"line":104,"column":null}},"26":{"start":{"line":93,"column":31},"end":{"line":93,"column":null}},"27":{"start":{"line":118,"column":44},"end":{"line":118,"column":103}},"28":{"start":{"line":120,"column":18},"end":{"line":120,"column":null}}},"fnMap":{"0":{"name":"DiffViewer","decl":{"start":{"line":12,"column":9},"end":{"line":12,"column":20}},"loc":{"start":{"line":12,"column":48},"end":{"line":29,"column":null}},"line":12},"1":{"name":"(anonymous_1)","decl":{"start":{"line":16,"column":24},"end":{"line":16,"column":29}},"loc":{"start":{"line":16,"column":41},"end":{"line":26,"column":7}},"line":16},"2":{"name":"CodeChanges","decl":{"start":{"line":31,"column":24},"end":{"line":31,"column":38}},"loc":{"start":{"line":31,"column":38},"end":{"line":157,"column":null}},"line":31},"3":{"name":"(anonymous_3)","decl":{"start":{"line":38,"column":2},"end":{"line":38,"column":18}},"loc":{"start":{"line":38,"column":18},"end":{"line":47,"column":5}},"line":38},"4":{"name":"(anonymous_4)","decl":{"start":{"line":41,"column":7},"end":{"line":41,"column":13}},"loc":{"start":{"line":41,"column":19},"end":{"line":45,"column":7}},"line":41},"5":{"name":"(anonymous_5)","decl":{"start":{"line":46,"column":7},"end":{"line":46,"column":19}},"loc":{"start":{"line":46,"column":19},"end":{"line":46,"column":21}},"line":46},"6":{"name":"(anonymous_6)","decl":{"start":{"line":70,"column":12},"end":{"line":70,"column":27}},"loc":{"start":{"line":70,"column":27},"end":{"line":70,"column":null}},"line":70},"7":{"name":"(anonymous_7)","decl":{"start":{"line":76,"column":12},"end":{"line":76,"column":27}},"loc":{"start":{"line":76,"column":27},"end":{"line":76,"column":null}},"line":76},"8":{"name":"(anonymous_8)","decl":{"start":{"line":80,"column":51},"end":{"line":80,"column":66}},"loc":{"start":{"line":80,"column":66},"end":{"line":80,"column":80}},"line":80},"9":{"name":"(anonymous_9)","decl":{"start":{"line":89,"column":19},"end":{"line":89,"column":24}},"loc":{"start":{"line":90,"column":14},"end":{"line":104,"column":null}},"line":90},"10":{"name":"(anonymous_10)","decl":{"start":{"line":93,"column":16},"end":{"line":93,"column":31}},"loc":{"start":{"line":93,"column":31},"end":{"line":93,"column":null}},"line":93},"11":{"name":"(anonymous_11)","decl":{"start":{"line":118,"column":33},"end":{"line":118,"column":38}},"loc":{"start":{"line":118,"column":44},"end":{"line":118,"column":103}},"line":118},"12":{"name":"(anonymous_12)","decl":{"start":{"line":119,"column":35},"end":{"line":119,"column":40}},"loc":{"start":{"line":120,"column":18},"end":{"line":120,"column":null}},"line":120}},"branchMap":{"0":{"loc":{"start":{"line":13,"column":2},"end":{"line":13,"column":null}},"type":"if","locations":[{"start":{"line":13,"column":2},"end":{"line":13,"column":null}},{"start":{},"end":{}}],"line":13},"1":{"loc":{"start":{"line":17,"column":20},"end":{"line":19,"column":null}},"type":"cond-expr","locations":[{"start":{"line":17,"column":70},"end":{"line":17,"column":null}},{"start":{"line":18,"column":12},"end":{"line":19,"column":null}}],"line":17},"2":{"loc":{"start":{"line":17,"column":20},"end":{"line":17,"column":70}},"type":"binary-expr","locations":[{"start":{"line":17,"column":20},"end":{"line":17,"column":44}},{"start":{"line":17,"column":44},"end":{"line":17,"column":70}}],"line":17},"3":{"loc":{"start":{"line":18,"column":12},"end":{"line":19,"column":null}},"type":"cond-expr","locations":[{"start":{"line":18,"column":62},"end":{"line":18,"column":null}},{"start":{"line":19,"column":12},"end":{"line":19,"column":null}}],"line":18},"4":{"loc":{"start":{"line":18,"column":12},"end":{"line":18,"column":62}},"type":"binary-expr","locations":[{"start":{"line":18,"column":12},"end":{"line":18,"column":36}},{"start":{"line":18,"column":36},"end":{"line":18,"column":62}}],"line":18},"5":{"loc":{"start":{"line":19,"column":12},"end":{"line":19,"column":null}},"type":"cond-expr","locations":[{"start":{"line":19,"column":36},"end":{"line":19,"column":47}},{"start":{"line":19,"column":47},"end":{"line":19,"column":null}}],"line":19},"6":{"loc":{"start":{"line":39,"column":4},"end":{"line":39,"column":null}},"type":"if","locations":[{"start":{"line":39,"column":4},"end":{"line":39,"column":null}},{"start":{},"end":{}}],"line":39},"7":{"loc":{"start":{"line":44,"column":8},"end":{"line":44,"column":null}},"type":"if","locations":[{"start":{"line":44,"column":8},"end":{"line":44,"column":null}},{"start":{},"end":{}}],"line":44},"8":{"loc":{"start":{"line":49,"column":2},"end":{"line":56,"column":null}},"type":"if","locations":[{"start":{"line":49,"column":2},"end":{"line":56,"column":null}},{"start":{},"end":{}}],"line":49},"9":{"loc":{"start":{"line":58,"column":16},"end":{"line":58,"column":null}},"type":"binary-expr","locations":[{"start":{"line":58,"column":16},"end":{"line":58,"column":38}},{"start":{"line":58,"column":38},"end":{"line":58,"column":null}}],"line":58},"10":{"loc":{"start":{"line":69,"column":37},"end":{"line":69,"column":null}},"type":"cond-expr","locations":[{"start":{"line":69,"column":59},"end":{"line":69,"column":75}},{"start":{"line":69,"column":75},"end":{"line":69,"column":null}}],"line":69},"11":{"loc":{"start":{"line":75,"column":37},"end":{"line":75,"column":null}},"type":"cond-expr","locations":[{"start":{"line":75,"column":65},"end":{"line":75,"column":81}},{"start":{"line":75,"column":81},"end":{"line":75,"column":null}}],"line":75},"12":{"loc":{"start":{"line":92,"column":39},"end":{"line":92,"column":null}},"type":"cond-expr","locations":[{"start":{"line":92,"column":67},"end":{"line":92,"column":81}},{"start":{"line":92,"column":81},"end":{"line":92,"column":null}}],"line":92},"13":{"loc":{"start":{"line":99,"column":49},"end":{"line":99,"column":null}},"type":"cond-expr","locations":[{"start":{"line":99,"column":75},"end":{"line":99,"column":93}},{"start":{"line":99,"column":93},"end":{"line":99,"column":null}}],"line":99},"14":{"loc":{"start":{"line":99,"column":93},"end":{"line":99,"column":null}},"type":"cond-expr","locations":[{"start":{"line":99,"column":116},"end":{"line":99,"column":134}},{"start":{"line":99,"column":134},"end":{"line":99,"column":null}}],"line":99},"15":{"loc":{"start":{"line":110,"column":9},"end":{"line":154,"column":null}},"type":"binary-expr","locations":[{"start":{"line":110,"column":9},"end":{"line":110,"column":null}},{"start":{"line":111,"column":10},"end":{"line":154,"column":null}}],"line":110},"16":{"loc":{"start":{"line":115,"column":42},"end":{"line":115,"column":null}},"type":"cond-expr","locations":[{"start":{"line":115,"column":75},"end":{"line":115,"column":93}},{"start":{"line":115,"column":93},"end":{"line":115,"column":null}}],"line":115},"17":{"loc":{"start":{"line":115,"column":93},"end":{"line":115,"column":null}},"type":"cond-expr","locations":[{"start":{"line":115,"column":123},"end":{"line":115,"column":141}},{"start":{"line":115,"column":141},"end":{"line":115,"column":null}}],"line":115},"18":{"loc":{"start":{"line":123,"column":15},"end":{"line":124,"column":null}},"type":"binary-expr","locations":[{"start":{"line":123,"column":15},"end":{"line":123,"column":null}},{"start":{"line":124,"column":16},"end":{"line":124,"column":null}}],"line":123},"19":{"loc":{"start":{"line":128,"column":13},"end":{"line":152,"column":null}},"type":"cond-expr","locations":[{"start":{"line":129,"column":14},"end":{"line":131,"column":15}},{"start":{"line":131,"column":14},"end":{"line":152,"column":null}}],"line":128},"20":{"loc":{"start":{"line":137,"column":59},"end":{"line":137,"column":118}},"type":"binary-expr","locations":[{"start":{"line":137,"column":59},"end":{"line":137,"column":102}},{"start":{"line":137,"column":102},"end":{"line":137,"column":118}}],"line":137},"21":{"loc":{"start":{"line":146,"column":59},"end":{"line":146,"column":117}},"type":"binary-expr","locations":[{"start":{"line":146,"column":59},"end":{"line":146,"column":101}},{"start":{"line":146,"column":101},"end":{"line":146,"column":117}}],"line":146}},"s":{"0":0,"1":0,"2":0,"3":0,"4":0,"5":0,"6":0,"7":0,"8":0,"9":0,"10":0,"11":0,"12":0,"13":0,"14":0,"15":0,"16":0,"17":0,"18":0,"19":0,"20":0,"21":0,"22":0,"23":0,"24":0,"25":0,"26":0,"27":0,"28":0},"f":{"0":0,"1":0,"2":0,"3":0,"4":0,"5":0,"6":0,"7":0,"8":0,"9":0,"10":0,"11":0,"12":0},"b":{"0":[0,0],"1":[0,0],"2":[0,0],"3":[0,0],"4":[0,0],"5":[0,0],"6":[0,0],"7":[0,0],"8":[0,0],"9":[0,0],"10":[0,0],"11":[0,0],"12":[0,0],"13":[0,0],"14":[0,0],"15":[0,0],"16":[0,0],"17":[0,0],"18":[0,0],"19":[0,0],"20":[0,0],"21":[0,0]},"meta":{"lastBranch":22,"lastFunction":13,"lastStatement":29,"seen":{"f:12:9:12:20":0,"b:13:2:13:Infinity:undefined:undefined:undefined:undefined":0,"s:13:2:13:Infinity":0,"s:13:13:13:Infinity":1,"s:14:2:27:Infinity":2,"f:16:24:16:29":1,"s:17:20:19:Infinity":3,"b:17:70:17:Infinity:18:12:19:Infinity":1,"b:17:20:17:44:17:44:17:70":2,"b:18:62:18:Infinity:19:12:19:Infinity":3,"b:18:12:18:36:18:36:18:62":4,"b:19:36:19:47:19:47:19:Infinity":5,"s:20:8:24:Infinity":4,"f:31:24:31:38":2,"s:32:23:32:55":5,"s:33:19:33:31":6,"s:34:26:34:Infinity":7,"s:35:34:35:Infinity":8,"s:36:34:36:Infinity":9,"s:38:2:47:Infinity":10,"f:38:2:38:18":3,"b:39:4:39:Infinity:undefined:undefined:undefined:undefined":6,"s:39:4:39:Infinity":11,"s:39:19:39:Infinity":12,"s:40:4:46:Infinity":13,"f:41:7:41:13":4,"s:42:21:42:Infinity":14,"s:43:8:43:Infinity":15,"b:44:8:44:Infinity:undefined:undefined:undefined:undefined":7,"s:44:8:44:Infinity":16,"s:44:37:44:Infinity":17,"f:46:7:46:19":5,"b:49:2:56:Infinity:undefined:undefined:undefined:undefined":8,"s:49:2:56:Infinity":18,"s:50:4:54:Infinity":19,"s:58:16:58:Infinity":20,"b:58:16:58:38:58:38:58:Infinity":9,"s:60:2:155:Infinity":21,"b:69:59:69:75:69:75:69:Infinity":10,"f:70:12:70:27":6,"s:70:27:70:Infinity":22,"b:75:65:75:81:75:81:75:Infinity":11,"f:76:12:76:27":7,"s:76:27:76:Infinity":23,"f:80:51:80:66":8,"s:80:66:80:80":24,"f:89:19:89:24":9,"s:90:14:104:Infinity":25,"b:92:67:92:81:92:81:92:Infinity":12,"f:93:16:93:31":10,"s:93:31:93:Infinity":26,"b:99:75:99:93:99:93:99:Infinity":13,"b:99:116:99:134:99:134:99:Infinity":14,"b:110:9:110:Infinity:111:10:154:Infinity":15,"b:115:75:115:93:115:93:115:Infinity":16,"b:115:123:115:141:115:141:115:Infinity":17,"f:118:33:118:38":11,"s:118:44:118:103":27,"f:119:35:119:40":12,"s:120:18:120:Infinity":28,"b:123:15:123:Infinity:124:16:124:Infinity":18,"b:129:14:131:15:131:14:152:Infinity":19,"b:137:59:137:102:137:102:137:118":20,"b:146:59:146:101:146:101:146:117":21},"fnNames":{}}}
,"C:\\Users\\bandi\\Desktop\\SystemaOps\\modernization-platform\\frontend\\src\\pages\\Dashboard.tsx": {"path":"C:\\Users\\bandi\\Desktop\\SystemaOps\\modernization-platform\\frontend\\src\\pages\\Dashboard.tsx","statementMap":{"0":{"start":{"line":5,"column":27},"end":{"line":16,"column":null}},"1":{"start":{"line":18,"column":19},"end":{"line":24,"column":null}},"2":{"start":{"line":32,"column":22},"end":{"line":32,"column":null}},"3":{"start":{"line":33,"column":2},"end":{"line":37,"column":null}},"4":{"start":{"line":33,"column":15},"end":{"line":33,"column":18}},"5":{"start":{"line":34,"column":16},"end":{"line":34,"column":null}},"6":{"start":{"line":35,"column":4},"end":{"line":35,"column":null}},"7":{"start":{"line":35,"column":34},"end":{"line":35,"column":null}},"8":{"start":{"line":36,"column":4},"end":{"line":36,"column":null}},"9":{"start":{"line":36,"column":10},"end":{"line":36,"column":70}},"10":{"start":{"line":38,"column":2},"end":{"line":38,"column":null}},"11":{"start":{"line":38,"column":22},"end":{"line":38,"column":91}},"12":{"start":{"line":39,"column":2},"end":{"line":41,"column":null}},"13":{"start":{"line":39,"column":60},"end":{"line":39,"column":82}},"14":{"start":{"line":40,"column":30},"end":{"line":40,"column":65}},"15":{"start":{"line":41,"column":41},"end":{"line":41,"column":69}},"16":{"start":{"line":44,"column":45},"end":{"line":46,"column":null}},"17":{"start":{"line":47,"column":42},"end":{"line":49,"column":null}},"18":{"start":{"line":52,"column":28},"end":{"line":52,"column":null}},"19":{"start":{"line":53,"column":2},"end":{"line":59,"column":null}},"20":{"start":{"line":54,"column":4},"end":{"line":54,"column":null}},"21":{"start":{"line":54,"column":24},"end":{"line":54,"column":37}},"22":{"start":{"line":54,"column":37},"end":{"line":54,"column":45}},"23":{"start":{"line":55,"column":16},"end":{"line":55,"column":null}},"24":{"start":{"line":56,"column":16},"end":{"line":56,"column":null}},"25":{"start":{"line":57,"column":14},"end":{"line":57,"column":null}},"26":{"start":{"line":57,"column":34},"end":{"line":57,"column":48}},"27":{"start":{"line":57,"column":48},"end":{"line":57,"column":143}},"28":{"start":{"line":57,"column":71},"end":{"line":57,"column":89}},"29":{"start":{"line":57,"column":89},"end":{"line":57,"column":107}},"30":{"start":{"line":57,"column":114},"end":{"line":57,"column":143}},"31":{"start":{"line":58,"column":4},"end":{"line":58,"column":null}},"32":{"start":{"line":58,"column":17},"end":{"line":58,"column":null}},"33":{"start":{"line":60,"column":2},"end":{"line":60,"column":null}},"34":{"start":{"line":64,"column":16},"end":{"line":64,"column":null}},"35":{"start":{"line":65,"column":2},"end":{"line":70,"column":null}},"36":{"start":{"line":75,"column":19},"end":{"line":75,"column":31}},"37":{"start":{"line":76,"column":28},"end":{"line":76,"column":null}},"38":{"start":{"line":77,"column":36},"end":{"line":77,"column":null}},"39":{"start":{"line":78,"column":50},"end":{"line":78,"column":null}},"40":{"start":{"line":79,"column":38},"end":{"line":79,"column":null}},"41":{"start":{"line":81,"column":2},"end":{"line":104,"column":null}},"42":{"start":{"line":82,"column":4},"end":{"line":102,"column":null}},"43":{"start":{"line":84,"column":8},"end":{"line":84,"column":null}},"44":{"start":{"line":85,"column":21},"end":{"line":85,"column":null}},"45":{"start":{"line":86,"column":24},"end":{"line":99,"column":null}},"46":{"start":{"line":88,"column":31},"end":{"line":88,"column":null}},"47":{"start":{"line":88,"column":55},"end":{"line":88,"column":110}},"48":{"start":{"line":89,"column":10},"end":{"line":97,"column":null}},"49":{"start":{"line":90,"column":33},"end":{"line":90,"column":null}},"50":{"start":{"line":90,"column":63},"end":{"line":90,"column":115}},"51":{"start":{"line":91,"column":31},"end":{"line":91,"column":null}},"52":{"start":{"line":91,"column":61},"end":{"line":91,"column":109}},"53":{"start":{"line":92,"column":12},"end":{"line":96,"column":null}},"54":{"start":{"line":93,"column":14},"end":{"line":93,"column":null}},"55":{"start":{"line":94,"column":19},"end":{"line":96,"column":null}},"56":{"start":{"line":95,"column":14},"end":{"line":95,"column":null}},"57":{"start":{"line":98,"column":10},"end":{"line":98,"column":null}},"58":{"start":{"line":100,"column":8},"end":{"line":100,"column":null}},"59":{"start":{"line":102,"column":19},"end":{"line":102,"column":38}},"60":{"start":{"line":103,"column":4},"end":{"line":103,"column":null}},"61":{"start":{"line":106,"column":20},"end":{"line":106,"column":null}},"62":{"start":{"line":106,"column":43},"end":{"line":106,"column":93}},"63":{"start":{"line":108,"column":2},"end":{"line":220,"column":null}},"64":{"start":{"line":121,"column":61},"end":{"line":121,"column":79}},"65":{"start":{"line":126,"column":135},"end":{"line":126,"column":158}},"66":{"start":{"line":127,"column":134},"end":{"line":127,"column":157}},"67":{"start":{"line":137,"column":68},"end":{"line":137,"column":90}},"68":{"start":{"line":141,"column":14},"end":{"line":155,"column":null}},"69":{"start":{"line":143,"column":31},"end":{"line":143,"column":null}},"70":{"start":{"line":144,"column":36},"end":{"line":144,"column":null}},"71":{"start":{"line":145,"column":36},"end":{"line":145,"column":null}},"72":{"start":{"line":167,"column":63},"end":{"line":167,"column":81}},"73":{"start":{"line":179,"column":24},"end":{"line":179,"column":null}},"74":{"start":{"line":180,"column":29},"end":{"line":180,"column":null}},"75":{"start":{"line":181,"column":12},"end":{"line":194,"column":null}},"76":{"start":{"line":183,"column":36},"end":{"line":183,"column":65}},"77":{"start":{"line":183,"column":85},"end":{"line":183,"column":null}},"78":{"start":{"line":204,"column":12},"end":{"line":216,"column":null}},"79":{"start":{"line":210,"column":48},"end":{"line":210,"column":80}},"80":{"start":{"line":210,"column":80},"end":{"line":210,"column":125}},"81":{"start":{"line":210,"column":125},"end":{"line":210,"column":163}},"82":{"start":{"line":210,"column":163},"end":{"line":210,"column":208}},"83":{"start":{"line":211,"column":48},"end":{"line":211,"column":80}},"84":{"start":{"line":211,"column":80},"end":{"line":211,"column":126}},"85":{"start":{"line":211,"column":126},"end":{"line":211,"column":168}},"86":{"start":{"line":211,"column":168},"end":{"line":211,"column":212}}},"fnMap":{"0":{"name":"loadStats","decl":{"start":{"line":31,"column":9},"end":{"line":31,"column":32}},"loc":{"start":{"line":31,"column":32},"end":{"line":42,"column":null}},"line":31},"1":{"name":"(anonymous_1)","decl":{"start":{"line":38,"column":7},"end":{"line":38,"column":13}},"loc":{"start":{"line":38,"column":22},"end":{"line":38,"column":91}},"line":38},"2":{"name":"(anonymous_2)","decl":{"start":{"line":39,"column":48},"end":{"line":39,"column":55}},"loc":{"start":{"line":39,"column":60},"end":{"line":39,"column":82}},"line":39},"3":{"name":"(anonymous_3)","decl":{"start":{"line":40,"column":18},"end":{"line":40,"column":25}},"loc":{"start":{"line":40,"column":30},"end":{"line":40,"column":65}},"line":40},"4":{"name":"(anonymous_4)","decl":{"start":{"line":41,"column":24},"end":{"line":41,"column":32}},"loc":{"start":{"line":41,"column":41},"end":{"line":41,"column":69}},"line":41},"5":{"name":"useCountUp","decl":{"start":{"line":51,"column":9},"end":{"line":51,"column":20}},"loc":{"start":{"line":51,"column":52},"end":{"line":61,"column":null}},"line":51},"6":{"name":"(anonymous_6)","decl":{"start":{"line":53,"column":2},"end":{"line":53,"column":18}},"loc":{"start":{"line":53,"column":18},"end":{"line":59,"column":5}},"line":53},"7":{"name":"(anonymous_7)","decl":{"start":{"line":57,"column":14},"end":{"line":57,"column":32}},"loc":{"start":{"line":57,"column":32},"end":{"line":57,"column":146}},"line":57},"8":{"name":"(anonymous_8)","decl":{"start":{"line":58,"column":4},"end":{"line":58,"column":17}},"loc":{"start":{"line":58,"column":17},"end":{"line":58,"column":null}},"line":58},"9":{"name":"StatCard","decl":{"start":{"line":63,"column":9},"end":{"line":63,"column":18}},"loc":{"start":{"line":63,"column":144},"end":{"line":72,"column":null}},"line":63},"10":{"name":"Dashboard","decl":{"start":{"line":74,"column":24},"end":{"line":74,"column":36}},"loc":{"start":{"line":74,"column":36},"end":{"line":222,"column":null}},"line":74},"11":{"name":"(anonymous_11)","decl":{"start":{"line":81,"column":2},"end":{"line":81,"column":18}},"loc":{"start":{"line":81,"column":18},"end":{"line":104,"column":5}},"line":81},"12":{"name":"(anonymous_12)","decl":{"start":{"line":83,"column":7},"end":{"line":83,"column":13}},"loc":{"start":{"line":83,"column":21},"end":{"line":101,"column":7}},"line":83},"13":{"name":"(anonymous_13)","decl":{"start":{"line":86,"column":43},"end":{"line":86,"column":47}},"loc":{"start":{"line":86,"column":55},"end":{"line":99,"column":9}},"line":86},"14":{"name":"(anonymous_14)","decl":{"start":{"line":88,"column":36},"end":{"line":88,"column":44}},"loc":{"start":{"line":88,"column":55},"end":{"line":88,"column":110}},"line":88},"15":{"name":"(anonymous_15)","decl":{"start":{"line":90,"column":46},"end":{"line":90,"column":52}},"loc":{"start":{"line":90,"column":63},"end":{"line":90,"column":115}},"line":90},"16":{"name":"(anonymous_16)","decl":{"start":{"line":91,"column":44},"end":{"line":91,"column":50}},"loc":{"start":{"line":91,"column":61},"end":{"line":91,"column":109}},"line":91},"17":{"name":"(anonymous_17)","decl":{"start":{"line":102,"column":7},"end":{"line":102,"column":19}},"loc":{"start":{"line":102,"column":19},"end":{"line":102,"column":38}},"line":102},"18":{"name":"(anonymous_18)","decl":{"start":{"line":106,"column":31},"end":{"line":106,"column":38}},"loc":{"start":{"line":106,"column":43},"end":{"line":106,"column":93}},"line":106},"19":{"name":"(anonymous_19)","decl":{"start":{"line":121,"column":46},"end":{"line":121,"column":61}},"loc":{"start":{"line":121,"column":61},"end":{"line":121,"column":79}},"line":121},"20":{"name":"(anonymous_20)","decl":{"start":{"line":126,"column":120},"end":{"line":126,"column":135}},"loc":{"start":{"line":126,"column":135},"end":{"line":126,"column":158}},"line":126},"21":{"name":"(anonymous_21)","decl":{"start":{"line":127,"column":119},"end":{"line":127,"column":134}},"loc":{"start":{"line":127,"column":134},"end":{"line":127,"column":157}},"line":127},"22":{"name":"(anonymous_22)","decl":{"start":{"line":137,"column":53},"end":{"line":137,"column":68}},"loc":{"start":{"line":137,"column":68},"end":{"line":137,"column":90}},"line":137},"23":{"name":"(anonymous_23)","decl":{"start":{"line":140,"column":30},"end":{"line":140,"column":35}},"loc":{"start":{"line":141,"column":14},"end":{"line":155,"column":null}},"line":141},"24":{"name":"(anonymous_24)","decl":{"start":{"line":143,"column":16},"end":{"line":143,"column":31}},"loc":{"start":{"line":143,"column":31},"end":{"line":143,"column":null}},"line":143},"25":{"name":"(anonymous_25)","decl":{"start":{"line":144,"column":16},"end":{"line":144,"column":30}},"loc":{"start":{"line":144,"column":36},"end":{"line":144,"column":null}},"line":144},"26":{"name":"(anonymous_26)","decl":{"start":{"line":145,"column":16},"end":{"line":145,"column":30}},"loc":{"start":{"line":145,"column":36},"end":{"line":145,"column":null}},"line":145},"27":{"name":"(anonymous_27)","decl":{"start":{"line":167,"column":48},"end":{"line":167,"column":63}},"loc":{"start":{"line":167,"column":63},"end":{"line":167,"column":81}},"line":167},"28":{"name":"(anonymous_28)","decl":{"start":{"line":178,"column":22},"end":{"line":178,"column":26}},"loc":{"start":{"line":178,"column":31},"end":{"line":196,"column":11}},"line":178},"29":{"name":"(anonymous_29)","decl":{"start":{"line":183,"column":16},"end":{"line":183,"column":36}},"loc":{"start":{"line":183,"column":36},"end":{"line":183,"column":65}},"line":183},"30":{"name":"(anonymous_30)","decl":{"start":{"line":183,"column":65},"end":{"line":183,"column":85}},"loc":{"start":{"line":183,"column":85},"end":{"line":183,"column":null}},"line":183},"31":{"name":"(anonymous_31)","decl":{"start":{"line":203,"column":22},"end":{"line":203,"column":27}},"loc":{"start":{"line":204,"column":12},"end":{"line":216,"column":null}},"line":204},"32":{"name":"(anonymous_32)","decl":{"start":{"line":210,"column":16},"end":{"line":210,"column":30}},"loc":{"start":{"line":210,"column":35},"end":{"line":210,"column":null}},"line":210},"33":{"name":"(anonymous_33)","decl":{"start":{"line":211,"column":16},"end":{"line":211,"column":30}},"loc":{"start":{"line":211,"column":35},"end":{"line":211,"column":null}},"line":211}},"branchMap":{"0":{"loc":{"start":{"line":35,"column":4},"end":{"line":35,"column":null}},"type":"if","locations":[{"start":{"line":35,"column":4},"end":{"line":35,"column":null}},{"start":{},"end":{}}],"line":35},"1":{"loc":{"start":{"line":36,"column":31},"end":{"line":36,"column":66}},"type":"binary-expr","locations":[{"start":{"line":36,"column":31},"end":{"line":36,"column":62}},{"start":{"line":36,"column":62},"end":{"line":36,"column":66}}],"line":36},"2":{"loc":{"start":{"line":41,"column":46},"end":{"line":41,"column":69}},"type":"binary-expr","locations":[{"start":{"line":41,"column":46},"end":{"line":41,"column":65}},{"start":{"line":41,"column":65},"end":{"line":41,"column":69}}],"line":41},"3":{"loc":{"start":{"line":51,"column":36},"end":{"line":51,"column":52}},"type":"default-arg","locations":[{"start":{"line":51,"column":47},"end":{"line":51,"column":52}}],"line":51},"4":{"loc":{"start":{"line":54,"column":4},"end":{"line":54,"column":null}},"type":"if","locations":[{"start":{"line":54,"column":4},"end":{"line":54,"column":null}},{"start":{},"end":{}}],"line":54},"5":{"loc":{"start":{"line":57,"column":48},"end":{"line":57,"column":143}},"type":"if","locations":[{"start":{"line":57,"column":48},"end":{"line":57,"column":143}},{"start":{"line":57,"column":114},"end":{"line":57,"column":143}}],"line":57},"6":{"loc":{"start":{"line":66,"column":48},"end":{"line":66,"column":80}},"type":"cond-expr","locations":[{"start":{"line":66,"column":58},"end":{"line":66,"column":70}},{"start":{"line":66,"column":70},"end":{"line":66,"column":80}}],"line":66},"7":{"loc":{"start":{"line":85,"column":21},"end":{"line":85,"column":null}},"type":"binary-expr","locations":[{"start":{"line":85,"column":21},"end":{"line":85,"column":47}},{"start":{"line":85,"column":47},"end":{"line":85,"column":null}}],"line":85},"8":{"loc":{"start":{"line":89,"column":10},"end":{"line":97,"column":null}},"type":"if","locations":[{"start":{"line":89,"column":10},"end":{"line":97,"column":null}},{"start":{},"end":{}}],"line":89},"9":{"loc":{"start":{"line":90,"column":63},"end":{"line":90,"column":115}},"type":"binary-expr","locations":[{"start":{"line":90,"column":63},"end":{"line":90,"column":91}},{"start":{"line":90,"column":91},"end":{"line":90,"column":115}}],"line":90},"10":{"loc":{"start":{"line":91,"column":61},"end":{"line":91,"column":109}},"type":"binary-expr","locations":[{"start":{"line":91,"column":61},"end":{"line":91,"column":87}},{"start":{"line":91,"column":87},"end":{"line":91,"column":109}}],"line":91},"11":{"loc":{"start":{"line":92,"column":12},"end":{"line":96,"column":null}},"type":"if","locations":[{"start":{"line":92,"column":12},"end":{"line":96,"column":null}},{"start":{"line":94,"column":19},"end":{"line":96,"column":null}}],"line":92},"12":{"loc":{"start":{"line":94,"column":19},"end":{"line":96,"column":null}},"type":"if","locations":[{"start":{"line":94,"column":19},"end":{"line":96,"column":null}},{"start":{},"end":{}}],"line":94},"13":{"loc":{"start":{"line":106,"column":43},"end":{"line":106,"column":93}},"type":"binary-expr","locations":[{"start":{"line":106,"column":43},"end":{"line":106,"column":71}},{"start":{"line":106,"column":71},"end":{"line":106,"column":93}}],"line":106},"14":{"loc":{"start":{"line":116,"column":11},"end":{"line":121,"column":11}},"type":"binary-expr","locations":[{"start":{"line":116,"column":11},"end":{"line":116,"column":null}},{"start":{"line":117,"column":12},"end":{"line":121,"column":11}}],"line":116},"15":{"loc":{"start":{"line":117,"column":46},"end":{"line":117,"column":null}},"type":"cond-expr","locations":[{"start":{"line":117,"column":58},"end":{"line":117,"column":69}},{"start":{"line":117,"column":69},"end":{"line":117,"column":null}}],"line":117},"16":{"loc":{"start":{"line":118,"column":46},"end":{"line":118,"column":null}},"type":"cond-expr","locations":[{"start":{"line":118,"column":58},"end":{"line":118,"column":77}},{"start":{"line":118,"column":77},"end":{"line":118,"column":null}}],"line":118},"17":{"loc":{"start":{"line":133,"column":7},"end":{"line":158,"column":null}},"type":"binary-expr","locations":[{"start":{"line":133,"column":7},"end":{"line":133,"column":null}},{"start":{"line":134,"column":8},"end":{"line":158,"column":null}}],"line":133},"18":{"loc":{"start":{"line":147,"column":48},"end":{"line":147,"column":101}},"type":"binary-expr","locations":[{"start":{"line":147,"column":48},"end":{"line":147,"column":90}},{"start":{"line":147,"column":90},"end":{"line":147,"column":101}}],"line":147},"19":{"loc":{"start":{"line":152,"column":42},"end":{"line":152,"column":92}},"type":"binary-expr","locations":[{"start":{"line":152,"column":42},"end":{"line":152,"column":70}},{"start":{"line":152,"column":70},"end":{"line":152,"column":92}}],"line":152},"20":{"loc":{"start":{"line":153,"column":54},"end":{"line":153,"column":130}},"type":"cond-expr","locations":[{"start":{"line":153,"column":72},"end":{"line":153,"column":121}},{"start":{"line":153,"column":121},"end":{"line":153,"column":130}}],"line":153},"21":{"loc":{"start":{"line":161,"column":7},"end":{"line":169,"column":null}},"type":"binary-expr","locations":[{"start":{"line":161,"column":7},"end":{"line":161,"column":null}},{"start":{"line":162,"column":8},"end":{"line":169,"column":null}}],"line":161},"22":
[...]
":14},"end":{"line":221,"column":null}},"40":{"start":{"line":230,"column":61},"end":{"line":230,"column":103}},"41":{"start":{"line":238,"column":25},"end":{"line":238,"column":null}},"42":{"start":{"line":242,"column":57},"end":{"line":242,"column":72}},"43":{"start":{"line":243,"column":57},"end":{"line":243,"column":79}}},"fnMap":{"0":{"name":"MiniDiff","decl":{"start":{"line":14,"column":9},"end":{"line":14,"column":18}},"loc":{"start":{"line":14,"column":46},"end":{"line":37,"column":null}},"line":14},"1":{"name":"(anonymous_1)","decl":{"start":{"line":19,"column":13},"end":{"line":19,"column":18}},"loc":{"start":{"line":19,"column":30},"end":{"line":29,"column":7}},"line":19},"2":{"name":"StatCard","decl":{"start":{"line":39,"column":9},"end":{"line":39,"column":18}},"loc":{"start":{"line":39,"column":79},"end":{"line":46,"column":null}},"line":39},"3":{"name":"FileRow","decl":{"start":{"line":48,"column":9},"end":{"line":48,"column":17}},"loc":{"start":{"line":56,"column":3},"end":{"line":85,"column":null}},"line":56},"4":{"name":"(anonymous_4)","decl":{"start":{"line":77,"column":20},"end":{"line":77,"column":25}},"loc":{"start":{"line":78,"column":12},"end":{"line":78,"column":null}},"line":78},"5":{"name":"Results","decl":{"start":{"line":87,"column":24},"end":{"line":87,"column":34}},"loc":{"start":{"line":87,"column":34},"end":{"line":247,"column":null}},"line":87},"6":{"name":"(anonymous_6)","decl":{"start":{"line":94,"column":2},"end":{"line":94,"column":18}},"loc":{"start":{"line":94,"column":18},"end":{"line":105,"column":5}},"line":94},"7":{"name":"(anonymous_7)","decl":{"start":{"line":97,"column":7},"end":{"line":97,"column":13}},"loc":{"start":{"line":97,"column":24},"end":{"line":99,"column":7}},"line":97},"8":{"name":"(anonymous_8)","decl":{"start":{"line":100,"column":7},"end":{"line":100,"column":19}},"loc":{"start":{"line":100,"column":19},"end":{"line":103,"column":7}},"line":100},"9":{"name":"(anonymous_9)","decl":{"start":{"line":104,"column":7},"end":{"line":104,"column":21}},"loc":{"start":{"line":104,"column":21},"end":{"line":104,"column":38}},"line":104},"10":{"name":"(anonymous_10)","decl":{"start":{"line":149,"column":19},"end":{"line":149,"column":24}},"loc":{"start":{"line":150,"column":10},"end":{"line":150,"column":null}},"line":150},"11":{"name":"(anonymous_11)","decl":{"start":{"line":176,"column":28},"end":{"line":176,"column":33}},"loc":{"start":{"line":177,"column":12},"end":{"line":177,"column":null}},"line":177},"12":{"name":"(anonymous_12)","decl":{"start":{"line":189,"column":14},"end":{"line":189,"column":29}},"loc":{"start":{"line":189,"column":29},"end":{"line":189,"column":null}},"line":189},"13":{"name":"(anonymous_13)","decl":{"start":{"line":195,"column":21},"end":{"line":195,"column":26}},"loc":{"start":{"line":196,"column":14},"end":{"line":201,"column":null}},"line":196},"14":{"name":"(anonymous_14)","decl":{"start":{"line":200,"column":16},"end":{"line":200,"column":32}},"loc":{"start":{"line":200,"column":32},"end":{"line":200,"column":null}},"line":200},"15":{"name":"(anonymous_15)","decl":{"start":{"line":212,"column":30},"end":{"line":212,"column":35}},"loc":{"start":{"line":213,"column":14},"end":{"line":221,"column":null}},"line":213},"16":{"name":"(anonymous_16)","decl":{"start":{"line":230,"column":46},"end":{"line":230,"column":61}},"loc":{"start":{"line":230,"column":61},"end":{"line":230,"column":103}},"line":230},"17":{"name":"(anonymous_17)","decl":{"start":{"line":238,"column":10},"end":{"line":238,"column":25}},"loc":{"start":{"line":238,"column":25},"end":{"line":238,"column":null}},"line":238},"18":{"name":"(anonymous_18)","decl":{"start":{"line":242,"column":42},"end":{"line":242,"column":57}},"loc":{"start":{"line":242,"column":57},"end":{"line":242,"column":72}},"line":242},"19":{"name":"(anonymous_19)","decl":{"start":{"line":243,"column":42},"end":{"line":243,"column":57}},"loc":{"start":{"line":243,"column":57},"end":{"line":243,"column":79}},"line":243}},"branchMap":{"0":{"loc":{"start":{"line":15,"column":2},"end":{"line":15,"column":null}},"type":"if","locations":[{"start":{"line":15,"column":2},"end":{"line":15,"column":null}},{"start":{},"end":{}}],"line":15},"1":{"loc":{"start":{"line":20,"column":20},"end":{"line":22,"column":null}},"type":"cond-expr","locations":[{"start":{"line":20,"column":70},"end":{"line":20,"column":null}},{"start":{"line":21,"column":12},"end":{"line":22,"column":null}}],"line":20},"2":{"loc":{"start":{"line":20,"column":20},"end":{"line":20,"column":70}},"type":"binary-expr","locations":[{"start":{"line":20,"column":20},"end":{"line":20,"column":44}},{"start":{"line":20,"column":44},"end":{"line":20,"column":70}}],"line":20},"3":{"loc":{"start":{"line":21,"column":12},"end":{"line":22,"column":null}},"type":"cond-expr","locations":[{"start":{"line":21,"column":62},"end":{"line":21,"column":null}},{"start":{"line":22,"column":12},"end":{"line":22,"column":null}}],"line":21},"4":{"loc":{"start":{"line":21,"column":12},"end":{"line":21,"column":62}},"type":"binary-expr","locations":[{"start":{"line":21,"column":12},"end":{"line":21,"column":36}},{"start":{"line":21,"column":36},"end":{"line":21,"column":62}}],"line":21},"5":{"loc":{"start":{"line":22,"column":12},"end":{"line":22,"column":null}},"type":"cond-expr","locations":[{"start":{"line":22,"column":36},"end":{"line":22,"column":47}},{"start":{"line":22,"column":47},"end":{"line":22,"column":null}}],"line":22},"6":{"loc":{"start":{"line":30,"column":7},"end":{"line":35,"column":null}},"type":"binary-expr","locations":[{"start":{"line":30,"column":7},"end":{"line":30,"column":null}},{"start":{"line":31,"column":8},"end":{"line":35,"column":null}}],"line":30},"7":{"loc":{"start":{"line":65,"column":11},"end":{"line":65,"column":null}},"type":"cond-expr","locations":[{"start":{"line":65,"column":22},"end":{"line":65,"column":28}},{"start":{"line":65,"column":28},"end":{"line":65,"column":null}}],"line":65},"8":{"loc":{"start":{"line":72,"column":32},"end":{"line":72,"column":null}},"type":"cond-expr","locations":[{"start":{"line":72,"column":58},"end":{"line":72,"column":76}},{"start":{"line":72,"column":76},"end":{"line":72,"column":null}}],"line":72},"9":{"loc":{"start":{"line":72,"column":76},"end":{"line":72,"column":null}},"type":"cond-expr","locations":[{"start":{"line":72,"column":99},"end":{"line":72,"column":117}},{"start":{"line":72,"column":117},"end":{"line":72,"column":null}}],"line":72},"10":{"loc":{"start":{"line":82,"column":7},"end":{"line":83,"column":null}},"type":"binary-expr","locations":[{"start":{"line":82,"column":7},"end":{"line":82,"column":19}},{"start":{"line":82,"column":19},"end":{"line":83,"column":null}}],"line":82},"11":{"loc":{"start":{"line":95,"column":4},"end":{"line":95,"column":null}},"type":"if","locations":[{"start":{"line":95,"column":4},"end":{"line":95,"column":null}},{"start":{},"end":{}}],"line":95},"12":{"loc":{"start":{"line":102,"column":8},"end":{"line":102,"column":null}},"type":"if","locations":[{"start":{"line":102,"column":8},"end":{"line":102,"column":null}},{"start":{},"end":{}}],"line":102},"13":{"loc":{"start":{"line":107,"column":2},"end":{"line":111,"column":null}},"type":"if","locations":[{"start":{"line":107,"column":2},"end":{"line":111,"column":null}},{"start":{},"end":{}}],"line":107},"14":{"loc":{"start":{"line":113,"column":2},"end":{"line":113,"column":null}},"type":"if","locations":[{"start":{"line":113,"column":2},"end":{"line":113,"column":null}},{"start":{},"end":{}}],"line":113},"15":{"loc":{"start":{"line":116,"column":22},"end":{"line":116,"column":null}},"type":"binary-expr","locations":[{"start":{"line":116,"column":22},"end":{"line":116,"column":42}},{"start":{"line":116,"column":42},"end":{"line":116,"column":null}}],"line":116},"16":{"loc":{"start":{"line":117,"column":37},"end":{"line":117,"column":null}},"type":"binary-expr","locations":[{"start":{"line":117,"column":37},"end":{"line":117,"column":58}},{"start":{"line":117,"column":58},"end":{"line":117,"column":null}}],"line":117},"17":{"loc":{"start":{"line":118,"column":40},"end":{"line":118,"column":null}},"type":"binary-expr","locations":[{"start":{"line":118,"column":40},"end":{"line":118,"column":64}},{"start":{"line":118,"column":64},"end":{"line":118,"column":null}}],"line":118},"18":{"loc":{"start":{"line":121,"column":40},"end":{"line":121,"column":67}},"type":"binary-expr","locations":[{"start":{"line":121,"column":40},"end":{"line":121,"column":65}},{"start":{"line":121,"column":65},"end":{"line":121,"column":67}}],"line":121},"19":{"loc":{"start":{"line":122,"column":40},"end":{"line":122,"column":67}},"type":"binary-expr","locations":[{"start":{"line":122,"column":40},"end":{"line":122,"column":65}},{"start":{"line":122,"column":65},"end":{"line":122,"column":67}}],"line":122},"20":{"loc":{"start":{"line":123,"column":40},"end":{"line":123,"column":67}},"type":"binary-expr","locations":[{"start":{"line":123,"column":40},"end":{"line":123,"column":65}},{"start":{"line":123,"column":65},"end":{"line":123,"column":67}}],"line":123},"21":{"loc":{"start":{"line":124,"column":40},"end":{"line":124,"column":72}},"type":"binary-expr","locations":[{"start":{"line":124,"column":40},"end":{"line":124,"column":70}},{"start":{"line":124,"column":70},"end":{"line":124,"column":72}}],"line":124},"22":{"loc":{"start":{"line":125,"column":40},"end":{"line":125,"column":68}},"type":"binary-expr","locations":[{"start":{"line":125,"column":40},"end":{"line":125,"column":66}},{"start":{"line":125,"column":66},"end":{"line":125,"column":68}}],"line":125},"23":{"loc":{"start":{"line":126,"column":40},"end":{"line":126,"column":66}},"type":"binary-expr","locations":[{"start":{"line":126,"column":40},"end":{"line":126,"column":62}},{"start":{"line":126,"column":62},"end":{"line":126,"column":66}}],"line":126},"24":{"loc":{"start":{"line":127,"column":40},"end":{"line":127,"column":69}},"type":"binary-expr","locations":[{"start":{"line":127,"column":40},"end":{"line":127,"column":67}},{"start":{"line":127,"column":67},"end":{"line":127,"column":69}}],"line":127},"25":{"loc":{"start":{"line":128,"column":40},"end":{"line":128,"column":79}},"type":"binary-expr","locations":[{"start":{"line":128,"column":40},"end":{"line":128,"column":77}},{"start":{"line":128,"column":77},"end":{"line":128,"column":79}}],"line":128},"26":{"loc":{"start":{"line":143,"column":11},"end":{"line":143,"column":null}},"type":"cond-expr","locations":[{"start":{"line":143,"column":33},"end":{"line":143,"column":82}},{"start":{"line":143,"column":82},"end":{"line":143,"column":null}}],"line":143},"27":{"loc":{"start":{"line":158,"column":36},"end":{"line":158,"column":null}},"type":"cond-expr","locations":[{"start":{"line":158,"column":57},"end":{"line":158,"column":75}},{"start":{"line":158,"column":75},"end":{"line":158,"column":null}}],"line":158},"28":{"loc":{"start":{"line":159,"column":13},"end":{"line":159,"column":null}},"type":"cond-expr","locations":[{"start":{"line":159,"column":42},"end":{"line":159,"column":50}},{"start":{"line":159,"column":50},"end":{"line":159,"column":null}}],"line":159},"29":{"loc":{"start":{"line":159,"column":50},"end":{"line":159,"column":null}},"type":"cond-expr","locations":[{"start":{"line":159,"column":71},"end":{"line":159,"column":82}},{"start":{"line":159,"column":82},"end":{"line":159,"column":null}}],"line":159},"30":{"loc":{"start":{"line":164,"column":36},"end":{"line":164,"column":null}},"type":"cond-expr","locations":[{"start":{"line":164,"column":57},"end":{"line":164,"column":75}},{"start":{"line":164,"column":75},"end":{"line":164,"column":null}}],"line":164},"31":{"loc":{"start":{"line":164,"column":75},"end":{"line":164,"column":null}},"type":"cond-expr","locations":[{"start":{"line":164,"column":95},"end":{"line":164,"column":112}},{"start":{"line":164,"column":112},"end":{"line":164,"column":null}}],"line":164},"32":{"loc":{"start":{"line":165,"column":13},"end":{"line":167,"column":null}},"type":"cond-expr","locations":[{"start":{"line":166,"column":16},"end":{"line":166,"column":null}},{"start":{"line":167,"column":16},"end":{"line":167,"column":null}}],"line":165},"33":{"loc":{"start":{"line":166,"column":40},"end":{"line":166,"column":65}},"type":"binary-expr","locations":[{"start":{"line":166,"column":40},"end":{"line":166,"column":62}},{"start":{"line":166,"column":62},"end":{"line":166,"column":65}}],"line":166},"34":{"loc":{"start":{"line":173,"column":8},"end":{"line":179,"column":null}},"type":"binary-expr","locations":[{"start":{"line":173,"column":8},"end":{"line":173,"column":null}},{"start":{"line":174,"column":8},"end":{"line":179,"column":null}}],"line":173},"35":{"loc":{"start":{"line":173,"column":8},"end":{"line":173,"column":40}},"type":"binary-expr","locations":[{"start":{"line":173,"column":8},"end":{"line":173,"column":35}},{"start":{"line":173,"column":35},"end":{"line":173,"column":40}}],"line":173},"36":{"loc":{"start":{"line":183,"column":7},"end":{"line":204,"column":null}},"type":"binary-expr","locations":[{"start":{"line":183,"column":7},"end":{"line":183,"column":null}},{"start":{"line":184,"column":8},"end":{"line":204,"column":null}}],"line":183},"37":{"loc":{"start":{"line":200,"column":48},"end":{"line":200,"column":87}},"type":"cond-expr","locations":[{"start":{"line":200,"column":74},"end":{"line":200,"column":81}},{"start":{"line":200,"column":81},"end":{"line":200,"column":87}}],"line":200},"38":{"loc":{"start":{"line":208,"column":8},"end":{"line":224,"column":null}},"type":"binary-expr","locations":[{"start":{"line":208,"column":8},"end":{"line":208,"column":null}},{"start":{"line":209,"column":8},"end":{"line":224,"column":null}}],"line":208},"39":{"loc":{"start":{"line":208,"column":8},"end":{"line":208,"column":40}},"type":"binary-expr","locations":[{"start":{"line":208,"column":8},"end":{"line":208,"column":35}},{"start":{"line":208,"column":35},"end":{"line":208,"column":40}}],"line":208},"40":{"loc":{"start":{"line":214,"column":48},"end":{"line":214,"column":null}},"type":"cond-expr","locations":[{"start":{"line":214,"column":75},"end":{"line":214,"column":84}},{"start":{"line":214,"column":84},"end":{"line":214,"column":null}}],"line":214},"41":{"loc":{"start":{"line":214,"column":84},"end":{"line":214,"column":null}},"type":"cond-expr","locations":[{"start":{"line":214,"column":108},"end":{"line":214,"column":119}},{"start":{"line":214,"column":119},"end":{"line":214,"column":null}}],"line":214},"42":{"loc":{"start":{"line":215,"column":19},"end":{"line":215,"column":null}},"type":"cond-expr","locations":[{"start":{"line":215,"column":46},"end":{"line":215,"column":52}},{"start":{"line":215,"column":52},"end":{"line":215,"column":null}}],"line":215},"43":{"loc":{"start":{"line":215,"column":52},"end":{"line":215,"column":null}},"type":"cond-expr","locations":[{"start":{"line":215,"column":76},"end":{"line":215,"column":82}},{"start":{"line":215,"column":82},"end":{"line":215,"column":null}}],"line":215},"44":{"loc":{"start":{"line":229,"column":9},"end":{"line":232,"column":null}},"type":"binary-expr","locations":[{"start":{"line":229,"column":9},"end":{"line":229,"column":null}},{"start":{"line":230,"column":10},"end":{"line":232,"column":null}}],"line":229},"45":{"loc":{"start":{"line":238,"column":25},"end":{"line":238,"column":null}},"type":"binary-expr","locations":[{"start":{"line":238,"column":25},"end":{"line":238,"column":37}},{"start":{"line":238,"column":37},"end":{"line":238,"column":null}}],"line":238}},"s":{"0":1,"1":0,"2":0,"3":0,"4":0,"5":0,"6":0,"7":0,"8":0,"9":0,"10":0,"11":0,"12":0,"13":0,"14":0,"15":0,"16":0,"17":0,"18":0,"19":0,"20":0,"21":0,"22":0,"23":0,"24":0,"25":0,"26":0,"27":0,"28":0,"29":0,"30":0,"31":0,"32":0,"33":0,"34":0,"35":0,"36":0,"37":0,"38":0,"39":0,"40":0,"41":0,"42":0,"43":0},"f":{"0":0,"1":0,"2":0,"3":0,"4":0,"5":0,"6":0,"7":0,"8":0,"9":0,"10":0,"11":0,"12":0,"13":0,"14":0,"15":0,"16":0,"17":0,"18":0,"19":0},"b":{"0":[0,0],"1":[0,0],"2":[0,0],"3":[0,0],"4":[0,0],"5":[0,0],"6":[0,0],"7":[0,0],"8":[0,0],"9":[0,0],"10":[0,0],"11":[0,0],"12":[0,0],"13":[0,0],"14":[0,0],"15":[0,0],"16":[0,0],"17":[0,0],"18":[0,0],"19":[0,0],"20":[0,0],"21":[0,0],"22":[0,0],"23":[0,0],"24":[0,0],"25":[0,0],"26":[0,0],"27":[0,0],"28":[0,0],"29":[0,0],"30":[0,0],"31":[0,0],"32":[0,0],"33":[0,0],"34":[0,0],"35":[0,0],"36":[0,0],"37":[0,0],"38":[0,0],"39":[0,0],"40":[0,0],"41":[0,0],"42":[0,0],"43":[0,0],"44":[0,0],"45":[0,0]},"meta":{"lastBranch":46,"lastFunction":20,"lastStatement":44,"seen":{"s:6:69:12:Infinity":0,"f:14:9:14:18":0,"b:15:2:15:Infinity:undefined:undefined:undefined:undefined":0,"s:15:2:15:Infinity":1,"s:15:13:15:Infinity":2,"s:16:16:16:Infinity":3,"s:17:2:35:Infinity":4,"f:19:13:19:18":1,"s:20:20:22:Infinity":5,"b:20:70:20:Infinity:21:12:22:Infinity":1,"b:20:20:20:44:20:44:20:70":2,"b:21:62:21:Infinity:22:12:22:Infinity":3,"b:21:12:21:36:21:36:21:62":4,"b:22:36:22:47:22:47:22:Infinity":5,"s:23:8:27:Infinity":6,"b:30:7:30:Infinity:31:8:35:Infinity":6,"f:39:9:39:18":2,"s:40:2:44:Infinity":7,"f:48:9:48:17":3,"s:57:2:83:Infinity":8,"b:65:22:65:28:65:28:65:Infinity":7,"b:72:58:72:76:72:76:72:Infinity":8,"b:72:99:72:117:72:117:72:Infinity":9,"f:77:20:77:25":4,"s:78:12:78:Infinity":9,"b:82:7:82:19:82:19:83:Infinity":10,"f:87:24:87:34":5,"s:88:23:88:55":10,"s:89:19:89:31":11,"s:90:32:90:Infinity":12,"s:91:32:91:Infinity":13,"s:92:42:92:Infinity":14,"s:94:2:105:Infinity":15,"f:94:2:94:18":6,"b:95:4:95:Infinity:undefined:undefined:undefined:undefined":11,"s:95:4:95:Infinity":16,"s:95:19:95:Infinity":17,"s:96:4:104:Infinity":18,"f:97:7:97:13":7,"s:98:8:98:Infinity":19,"f:100:7:100:19":8,"s:101:23:101:Infinity":20,"b:102:8:102:Infinity:undefined:undefined:undefined:undefined":12,"s:102:8:102:Infinity":21,"s:102:20:102:Infinity":22,"f:104:7:104:21":9,"s:104:21:104:38":23,"b:107:2:111:Infinity:undefined:undefined:undefined:undefined":13,"s:107:2:111:Infinity":24,"s:107:15:111:Infinity":25,"b:113:2:113:Infinity:undefined:undefined:undefined:undefined":14,"s:113:2:113:Infinity":26,"s:113:15:113:Infinity":27,"s:115:22:115:Infinity":28,"s:116:22:116:Infinity":29,"b:116:22:116:42:116:42:116:Infinity":15,"s:117:37:117:Infinity":30,"b:117:37:117:58:117:58:117:Infinity":16,"s:118:40:118:Infinity":31,"b:118:40:118:64:118:64:118:Infinity":17,"s:120:20:129:Infinity":32,"b:121:40:121:65:121:65:121:67":18,"b:122:40:122:65:122:65:122:67":19,"b:123:40:123:65:123:65:123:67":20,"b:124:40:124:70:124:70:124:72":21,"b:125:40:125:66:125:66:125:68":22,"b:126:40:126:62:126:62:126:66":23,"b:127:40:127:67:127:67:127:69":24,"b:128:40:128:77:128:77:128:79":25,"s:131:2:245:Infinity":33,"b:143:33:143:82:143:82:143:Infinity":26,"f:149:19:149:24":10,"s:150:10:150:Infinity":34,"b:158:57:158:75:158:75:158:Infinity":27,"b:159:42:159:50:159:50:159:Infinity":28,"b:159:71:159:82:159:82:159:Infinity":29,"b:164:57:164:75:164:75:164:Infinity":30,"b:164:95:164:112:164:112:164:Infinity":31,"b:166:16:166:Infinity:167:16:167:Infinity":32,"b:166:40:166:62:166:62:166:65":33,"b:173:8:173:Infinity:174:8:179:Infinity":34,"b:173:8:173:35:173:35:173:40":35,"f:176:28:176:33":11,"s:177:12:177:Infinity":35,"b:183:7:183:Infinity:184:8:204:Infinity":36,"f:189:14:189:29":12,"s:189:29:189:Infinity":36,"f:195:21:195:26":13,"s:196:14:201:Infinity":37,"f:200:16:200:32":14,"s:200:32:200:Infinity":38,"b:200:74:200:81:200:81:200:87":37,"b:208:8:208:Infinity:209:8:224:Infinity":38,"b:208:8:208:35:208:35:208:40":39,"f:212:30:212:35":15,"s:213:14:221:Infinity":39,"b:214:75:214:84:214:84:214:Infinity":40,"b:214:108:214:119:214:119:214:Infinity":41,"b:215:46:215:52:215:52:215:Infinity":42,"b:215:76:215:82:215:82:215:Infinity":43,"b:229:9:229:Infinity:230:10:232:Infinity":44,"f:230:46:230:61":16,"s:230:61:230:103":40,"f:238:10:238:25":17,"s:238:25:238:Infinity":41,"b:238:25:238:37:238:37:238:Infinity":45,"f:242:42:242:57":18,"s:242:57:242:72":42,"f:243:42:243:57":19,"s:243:57:243:79":43},"fnNames":{}}}
}
